
 ridft (newyork) : TURBOMOLE rev. V7.4.1 (b987a8a8) compiled 15 Oct 2019 at 12:03:25
 Copyright (C) 2019 TURBOMOLE GmbH, Karlsruhe


    2020-07-10 12:19:35.270 



                                  r i d f t

                        DFT program with RI approximation 
                                for coulomb part 




                                                 
                                 References:     
                                                 
          TURBOMOLE:                             
              R. Ahlrichs, M. Baer, M. Haeser, H. Horn, and
              C. Koelmel
              Electronic structure calculations on workstation
              computers: the program system TURBOMOLE
              Chem. Phys. Lett. 162: 165 (1989)
          Density Functional:                              
              O. Treutler and R. Ahlrichs                      
              Efficient Molecular Numerical Integration Schemes
              J. Chem. Phys. 102: 346 (1995)                   
          Parallel Version:                                
              Performance of parallel TURBOMOLE for Density    
              Functional Calculations                          
              M. v. Arnim and R. Ahlrichs                      
              J. Comp. Chem. 19: 1746 (1998)                   
          RI-J Method:                                     
              Auxiliary Basis Sets to approximate Coulomb      
              Potentials                                       
              Chem. Phys. Lett. 240: 283 (1995)                
              K. Eichkorn, O. Treutler, H. Oehm, M. Haeser     
              and R. Ahlrichs                                  
              Chem. Phys. Lett. 242: 652 (1995)                
                                                           
              Auxiliary Basis Sets for Main Row Atoms and their
              Use to approximate Coulomb Potentials            
              K. Eichkorn, F. Weigend, O. Treutler and         
              R. Ahlrichs                                      
              Theo. Chem. Acc. 97: 119 (1997)                   
                                                           
              Accurate Coulomb-fitting basis sets for H to Rn 
              F. Weigend                                        
              Phys. Chem. Chem. Phys. 8: 1057 (2006)            
                                                           
          Multipole accelerated RI-J (MARI-J):             
              Fast evaluation of the Coulomb potential for     
              electron densities using multipole accelerated   
              resolution of identity approximation             
              M. Sierka, A. Hogekamp and R. Ahlrichs           
              J. Chem. Phys. 118: 9136 (2003)                  
          RI-JK Method:                                     
              A fully direct RI-HF algorithm: Implementation,
              optimised auxiliary basis sets, demonstration of
              accuracy and efficiency                         
              F. Weigend                                      
              Phys. Chem. Chem. Phys. 4: 4285 (2002)           
          Two-component HF and DFT with spin-orbit coupling:  
              Self-consistent treatment of spin-orbit         
              interactions with efficient Hartree-Fock and    
              density functional methods                      
              M. K. Armbruster, F. Weigend, C. van Wüllen and 
              W. Klopper                                      
              Phys. Chem. Chem. Phys. 10: 1748 (2008)         
          Two-component difference density and DIIS algorithm 
              Efficient two-component self-consistent field   
              procedures and gradients: implementation in     
              TURBOMOLE and application to Au20-              
              A. Baldes, F. Weigend                           
              Mol. Phys. 111: 2617 (2013)                     
          Relativistic all-electron 2c calculations           
              An efficient implementation of two-component    
              relativistic exact-decoupling methods for large 
              molecules                                       
              D. Peng, N. Middendorf, F. Weigend, M. Reiher   
              J. Chem. Phys. 138: 184105 (2013)               
          Finite nucleus model and SNSO approximation         
              Efficient implementation of one- and two-       
              component analytical energy gradients in exact  
              two-component theory                            
              Y. J. Franzke, N. Middendorf, F. Weigend        
              J. Chem. Phys. 148: 104110 (2018)               
                                         




              +--------------------------------------------------+
              |      general information about current run       |
              +--------------------------------------------------+

 
 PBE functional
 exchange:    LDA + PBE
 correlation: LDA (PW) + PBE
 A DFT calculation using the RI-J approximation will be carried out.
 Allocatable memory for RI due to $ricore (MB):                   500


              +--------------------------------------------------+
              | Atomic coordinate, charge and isotop information |
              +--------------------------------------------------+

                    atomic coordinates            atom    charge  isotop
         -0.20733908    0.35447390    0.28029222    o      8.000     0
         -0.91529861   -1.00275921   -0.71166273    h      1.000     0
          1.59808247    0.09757374    0.23083326    h      1.000     0
         -1.66750556    0.08980619    5.54435130    o      8.000     0
         -1.27144941    0.19909612    3.75059245    h      1.000     0
         -2.42390740    1.69577125    5.95019457    h      1.000     0
 
       center of nuclear mass  :   -0.91680125    0.22496896    2.84436048
       center of nuclear charge:   -0.90056650    0.22719613    2.79085529

              +--------------------------------------------------+
              |               basis set information              |
              +--------------------------------------------------+

              we will work with the 1s 3p 5d 7f 9g ... basis set
              ...i.e. with spherical basis functions...

   type   atoms  prim   cont   basis
   ---------------------------------------------------------------------------
    o        2     77     55   cc-pVQZ   [5s4p3d2f1g|21s6p3d2f1g]
    h        4     32     30   cc-pVQZ   [4s3p2d1f|6s3p2d1f]
   ---------------------------------------------------------------------------
   total:    6    282    230
   ---------------------------------------------------------------------------

   total number of primitive shells          :   45
   total number of contracted shells         :   70
   total number of cartesian basis functions :  280
   total number of SCF-basis functions       :  230


 integral neglect threshold       :  0.12E-10
 integral storage threshold THIZE :  0.10E-04
 integral storage threshold THIME :         5

 RI-J AUXILIARY BASIS SET information:

              we will work with the 1s 3p 5d 7f 9g ... basis set
              ...i.e. with spherical basis functions...

   type   atoms  prim   cont   basis
   ---------------------------------------------------------------------------
    o        2     70     49   cc-pVQZ   [6s4p3d1f1g|12s5p4d2f1g]
    h        4     16     11   cc-pVQZ   [3s1p1d|5s2p1d]
   ---------------------------------------------------------------------------
   total:    6    204    142
   ---------------------------------------------------------------------------

   total number of primitive shells          :   32
   total number of contracted shells         :   50
   total number of cartesian basis functions :  170
   total number of SCF-basis functions       :  142


 symmetry group of the molecule :   c1 

 the group has the following generators :
   c1(z)

    1 symmetry operations found

 there are 1 real representations :   a   

 maximum number of shells which are related by symmetry :  1


    mo occupation :
   irrep   mo's   occupied
    a      230       10
 
 number of basis functions   :                    230
 number of occupied orbitals :                     10
 
  
           ------------------
           density functional
           ------------------
 PBE functional
 exchange:    LDA + PBE
 correlation: LDA (PW) + PBE

 spherical integration : Lebedev's spherical grid
 spherical gridsize    :                     4
    i.e. gridpoints    :                   434
 value for diffuse not defined
 radial integration    : Chebyshev 2nd kind (scaling 3)
 radial gridsize       :                     6
 integration cells     :                     6
 partition function    : becke
 partition sharpness   :                     3
  

 biggest AO integral is expected to be     4.785886462
  
           ------------------------
               RI-J - INFORMATION
           ------------------------
 Contributions to RI integral batches: 
  neglected integral batches:                   247
  direct contribution:                            0
  memory contribution:                  2238
 Memory core needed for (P|Q) and Cholesky      1 MByte
 Memory core minimum needed except of (P|Q)     1 MByte
 Total minimum memory core needed (sum)         1 MByte
  
 ****************************************
 Memory allocated for RI-J    47 MByte
 ****************************************
                                            

          ------------------------
          nuclear repulsion energy  :   36.6335286289    
          ------------------------


         -----------------
         -S,T+V- integrals
         -----------------

 1e-integrals will be neglected if expon. factor < 0.119356E-11
 
   Difference densities algorithm switched on.
   The maximal number of linear combinations of
   difference densities is                    20 .

 DIIS switched on: error vector is FDS-SDF
 Max. Iterations for DIIS is     :   4
 DIIS matrix (see manual) 
    Scaling factor of diagonals  :  1.200
    threshold for scaling factor :  0.000

 scf convergence criterion : increment of total energy < .1000000D-06
                  and increment of one-electron energy < .1000000D-03

  MOs are in ASCII format !


 automatic virtual orbital shift switched on 
      shift if e(lumo)-e(homo) < 0.10000000    


 reading orbital data $scfmo  from file mos
 orbital characterization : expanded
 mo provided and orthogonalized by Cholesky decomposition

 DSCF restart information will be dumped onto file mos


 Starting SCF iterations

          Overall gridpoints after grid construction =         56202

 ITERATION  ENERGY          1e-ENERGY        2e-ENERGY     NORM[dD(SAO)]  TOL
   1  -152.28915652496    -285.37431321     96.451628052    0.000D+00 0.119D-10
                            Exc = -18.8371243850     Coul =  115.288752437    
                              N = 19.999999761    
                            current damping = 0.300
 
          max. resid. norm for Fia-block=  3.282D-01 for orbital      2a         
          max. resid. fock norm         =  1.357D+01 for orbital    196a         

 ITERATION  ENERGY          1e-ENERGY        2e-ENERGY     NORM[dD(SAO)]  TOL
   2  -152.72394924677    -281.14794492     91.790467040    0.121D+01 0.884D-11
                            Exc = -18.2624337539     Coul =  110.052900794    
                              N = 19.999999687    
                            current damping = 0.250
 
          Norm of current diis error:  1.3751    
          max. resid. norm for Fia-block=  1.039D-01 for orbital      4a         
          max. resid. fock norm         =  2.034D-01 for orbital    179a         

 ITERATION  ENERGY          1e-ENERGY        2e-ENERGY     NORM[dD(SAO)]  TOL
   3  -152.76392644785    -283.76083463     94.363379551    0.377D+00 0.636D-11
                            Exc = -18.6455256150     Coul =  113.008905166    
                              N = 19.999999680    
                            current damping = 0.200
 
          Norm of current diis error: 0.70342    
          max. resid. norm for Fia-block=  3.132D-02 for orbital     10a         
          max. resid. fock norm         =  3.253D-02 for orbital     19a         

 ITERATION  ENERGY          1e-ENERGY        2e-ENERGY     NORM[dD(SAO)]  TOL
   4  -152.77550494561    -282.39629054     92.987256964    0.179D+00 0.564D-11
                            Exc = -18.4608013853     Coul =  111.448058350    
                              N = 19.999999636    
                            current damping = 0.250
 
          Norm of current diis error: 0.19660    
          max. resid. norm for Fia-block=  7.020D-03 for orbital      4a         
          max. resid. fock norm         =  7.975D-03 for orbital    178a         

 ITERATION  ENERGY          1e-ENERGY        2e-ENERGY     NORM[dD(SAO)]  TOL
   5  -152.77628568041    -282.63465065     93.224836337    0.128D-01 0.536D-11
                            Exc = -18.4928636330     Coul =  111.717699970    
                              N = 19.999999638    
                            current damping = 0.300
 
          Norm of current diis error: 0.27921E-01
          max. resid. norm for Fia-block=  1.211D-03 for orbital      5a         
          max. resid. fock norm         =  1.702D-03 for orbital    177a         
          mo-orthogonalization: Cholesky decomposition

 ITERATION  ENERGY          1e-ENERGY        2e-ENERGY     NORM[dD(SAO)]  TOL
   6  -152.77630251723    -282.67251779     93.262686648    0.153D-02 0.513D-11
                            Exc = -18.4980305393     Coul =  111.760717187    
                              N = 19.999999638    
                            current damping = 0.150
 
          Norm of current diis error: 0.58422E-02
          max. resid. norm for Fia-block=  3.989D-04 for orbital      4a         
          max. resid. fock norm         =  6.582D-04 for orbital    214a         

 ITERATION  ENERGY          1e-ENERGY        2e-ENERGY     NORM[dD(SAO)]  TOL
   7  -152.77630234170    -282.67396741     93.264136440    0.120D-02 0.507D-11
                            Exc = -18.4983768062     Coul =  111.762513246    
                              N = 19.999999638    
                            current damping = 0.200
 
          Norm of current diis error: 0.67658E-02
          max. resid. norm for Fia-block=  1.522D-04 for orbital      9a         
          max. resid. fock norm         =  2.929D-04 for orbital    213a         

 ITERATION  ENERGY          1e-ENERGY        2e-ENERGY     NORM[dD(SAO)]  TOL
   8  -152.77630331993    -282.67410803     93.264276076    0.192D-03 0.499D-11
                            Exc = -18.4983686765     Coul =  111.762644753    
                              N = 19.999999638    
                            current damping = 0.100
 
          Norm of current diis error: 0.14027E-02
          max. resid. norm for Fia-block=  4.891D-05 for orbital      5a         
          max. resid. fock norm         =  7.100D-05 for orbital    213a         

 ITERATION  ENERGY          1e-ENERGY        2e-ENERGY     NORM[dD(SAO)]  TOL
   9  -152.77630336285    -282.67465236     93.264820371    0.249D-04 0.487D-11
                            Exc = -18.4984247945     Coul =  111.763245166    
                              N = 19.999999638    
                            current damping = 0.100
 
          Norm of current diis error: 0.11499E-03
          max. resid. norm for Fia-block=  4.449D-06 for orbital      7a         
          max. resid. fock norm         =  6.064D-06 for orbital    204a         

 ENERGY CONVERGED !


 ITERATION  ENERGY          1e-ENERGY        2e-ENERGY     NORM[dD(SAO)]  TOL
  10  -152.77630336312    -282.67453506     93.264703067    0.633D-05 0.477D-11
                            Exc = -18.4984103769     Coul =  111.763113443    
                              N = 19.999999638    
                            current damping = 0.150
 
          Norm of current diis error: 0.35859E-04
          max. resid. norm for Fia-block=  1.843D-06 for orbital     10a         
          max. resid. fock norm         =  2.358D-06 for orbital    178a         

 End of SCF iterations

   convergence criteria satisfied after    10 iterations


                  ------------------------------------------ 
                 |  total energy      =   -152.77630336312  |
                  ------------------------------------------ 
                 :  kinetic energy    =    152.27094843698  :
                 :  potential energy  =   -305.04725180010  :
                 :  virial theorem    =      1.99669219038  :
                 :  wavefunction norm =      1.00000000000  :
                  .......................................... 


 <geterg> : there is no data group $energy 


 <skperg> : $end is missing 


 orbitals $scfmo  will be written to file mos

    irrep                  6a          7a          8a          9a         10a   
 eigenvalues H         -0.44834    -0.36853    -0.30762    -0.28469    -0.22897
            eV         -12.1999    -10.0282     -8.3709     -7.7469     -6.2307
 occupation              2.0000      2.0000      2.0000      2.0000      2.0000

    irrep                 11a         12a         13a         14a         15a   
 eigenvalues H         -0.02485     0.03636     0.04969     0.14533     0.24022
            eV          -0.6763      0.9894      1.3521      3.9547      6.5368
 
 
 
 
 ==============================================================================
                           electrostatic moments
 ==============================================================================

 reference point for electrostatic moments:    0.00000   0.00000   0.00000

 
              nuc           elec       ->  total
 ------------------------------------------------------------------------------
                          charge      
 ------------------------------------------------------------------------------
          20.000000     -20.000000      -0.000000
 
 ------------------------------------------------------------------------------
                       dipole moment  
 ------------------------------------------------------------------------------
   x     -18.011330      18.336549       0.325219
   y       4.543923      -4.514923       0.028999
   z      55.817106     -56.878036      -1.060930
 
   | dipole moment | =     1.1100 a.u. =     2.8214 debye 
 
 ------------------------------------------------------------------------------
                     quadrupole moment
 ------------------------------------------------------------------------------
  xx      33.472064     -42.134131      -8.662067
  yy       5.000061     -14.209234      -9.209172
  zz     296.578668    -312.281323     -15.702655
  xy      -5.075767       4.082974      -0.992793
  xz     -92.597952      93.132515       0.534563
  yz      16.351234     -12.523425       3.827808
 
     1/3  trace=     -11.191298
     anisotropy=       9.684410
 
 ==============================================================================
 
HOMO-LUMO Separation
 HOMO         :   -0.22897380 H =     -6.23070 eV
 LUMO         :   -0.02485202 H =     -0.67626 eV
 HOMO-LUMO gap:    0.20412178 H =     +5.55444 eV
 
 ==============================================================================


    ------------------------------------------------------------------------
         total  cpu-time :   5.10 seconds
         total wall-time :   5.12 seconds
    ------------------------------------------------------------------------

   ****  ridft : all done  ****


    2020-07-10 12:19:40.381 

