
 ridft (newyork) : TURBOMOLE rev. V7.4.1 (b987a8a8) compiled 15 Oct 2019 at 12:03:25
 Copyright (C) 2019 TURBOMOLE GmbH, Karlsruhe


    2020-07-10 12:14:07.697 



                                  r i d f t

                        DFT program with RI approximation 
                                for coulomb part 




                                                 
                                 References:     
                                                 
          TURBOMOLE:                             
              R. Ahlrichs, M. Baer, M. Haeser, H. Horn, and
              C. Koelmel
              Electronic structure calculations on workstation
              computers: the program system TURBOMOLE
              Chem. Phys. Lett. 162: 165 (1989)
          Density Functional:                              
              O. Treutler and R. Ahlrichs                      
              Efficient Molecular Numerical Integration Schemes
              J. Chem. Phys. 102: 346 (1995)                   
          Parallel Version:                                
              Performance of parallel TURBOMOLE for Density    
              Functional Calculations                          
              M. v. Arnim and R. Ahlrichs                      
              J. Comp. Chem. 19: 1746 (1998)                   
          RI-J Method:                                     
              Auxiliary Basis Sets to approximate Coulomb      
              Potentials                                       
              Chem. Phys. Lett. 240: 283 (1995)                
              K. Eichkorn, O. Treutler, H. Oehm, M. Haeser     
              and R. Ahlrichs                                  
              Chem. Phys. Lett. 242: 652 (1995)                
                                                           
              Auxiliary Basis Sets for Main Row Atoms and their
              Use to approximate Coulomb Potentials            
              K. Eichkorn, F. Weigend, O. Treutler and         
              R. Ahlrichs                                      
              Theo. Chem. Acc. 97: 119 (1997)                   
                                                           
              Accurate Coulomb-fitting basis sets for H to Rn 
              F. Weigend                                        
              Phys. Chem. Chem. Phys. 8: 1057 (2006)            
                                                           
          Multipole accelerated RI-J (MARI-J):             
              Fast evaluation of the Coulomb potential for     
              electron densities using multipole accelerated   
              resolution of identity approximation             
              M. Sierka, A. Hogekamp and R. Ahlrichs           
              J. Chem. Phys. 118: 9136 (2003)                  
          RI-JK Method:                                     
              A fully direct RI-HF algorithm: Implementation,
              optimised auxiliary basis sets, demonstration of
              accuracy and efficiency                         
              F. Weigend                                      
              Phys. Chem. Chem. Phys. 4: 4285 (2002)           
          Two-component HF and DFT with spin-orbit coupling:  
              Self-consistent treatment of spin-orbit         
              interactions with efficient Hartree-Fock and    
              density functional methods                      
              M. K. Armbruster, F. Weigend, C. van Wüllen and 
              W. Klopper                                      
              Phys. Chem. Chem. Phys. 10: 1748 (2008)         
          Two-component difference density and DIIS algorithm 
              Efficient two-component self-consistent field   
              procedures and gradients: implementation in     
              TURBOMOLE and application to Au20-              
              A. Baldes, F. Weigend                           
              Mol. Phys. 111: 2617 (2013)                     
          Relativistic all-electron 2c calculations           
              An efficient implementation of two-component    
              relativistic exact-decoupling methods for large 
              molecules                                       
              D. Peng, N. Middendorf, F. Weigend, M. Reiher   
              J. Chem. Phys. 138: 184105 (2013)               
          Finite nucleus model and SNSO approximation         
              Efficient implementation of one- and two-       
              component analytical energy gradients in exact  
              two-component theory                            
              Y. J. Franzke, N. Middendorf, F. Weigend        
              J. Chem. Phys. 148: 104110 (2018)               
                                         




              +--------------------------------------------------+
              |      general information about current run       |
              +--------------------------------------------------+

 
 PBE functional
 exchange:    LDA + PBE
 correlation: LDA (PW) + PBE
 A DFT calculation using the RI-J approximation will be carried out.
 Allocatable memory for RI due to $ricore (MB):                   500


              +--------------------------------------------------+
              | Atomic coordinate, charge and isotop information |
              +--------------------------------------------------+

                    atomic coordinates            atom    charge  isotop
          0.00000000    0.00000000    0.75088041    o      8.000     0
         -1.44862494    0.00000000   -0.37544021    h      1.000     0
          1.44862494    0.00000000   -0.37544021    h      1.000     0
 
       center of nuclear mass  :    0.00000000    0.00000000    0.62484367
       center of nuclear charge:    0.00000000    0.00000000    0.52561629

              +--------------------------------------------------+
              |               basis set information              |
              +--------------------------------------------------+

              we will work with the 1s 3p 5d 7f 9g ... basis set
              ...i.e. with spherical basis functions...

   type   atoms  prim   cont   basis
   ---------------------------------------------------------------------------
    o        1     77     57   def2-QZVP   [7s4p3d2f1g|15s8p3d2f1g]
    h        2     33     30   def2-QZVP   [4s3p2d1f|7s3p2d1f]
   ---------------------------------------------------------------------------
   total:    3    143    117
   ---------------------------------------------------------------------------

   total number of primitive shells          :   42
   total number of contracted shells         :   37
   total number of cartesian basis functions :  142
   total number of SCF-basis functions       :  117


 integral neglect threshold       :  0.23E-10
 integral storage threshold THIZE :  0.10E-04
 integral storage threshold THIME :         5

 RI-J AUXILIARY BASIS SET information:

              we will work with the 1s 3p 5d 7f 9g ... basis set
              ...i.e. with spherical basis functions...

   type   atoms  prim   cont   basis
   ---------------------------------------------------------------------------
    o        1     70     49   def2-QZVP   [6s4p3d1f1g|12s5p4d2f1g]
    h        2     16     11   def2-QZVP   [3s1p1d|5s2p1d]
   ---------------------------------------------------------------------------
   total:    3    102     71
   ---------------------------------------------------------------------------

   total number of primitive shells          :   32
   total number of contracted shells         :   25
   total number of cartesian basis functions :   85
   total number of SCF-basis functions       :   71


 symmetry group of the molecule :   c1 

 the group has the following generators :
   c1(z)

    1 symmetry operations found

 there are 1 real representations :   a   

 maximum number of shells which are related by symmetry :  1


    mo occupation :
   irrep   mo's   occupied
    a      117        5
 
 number of basis functions   :                    117
 number of occupied orbitals :                      5
 
  
           ------------------
           density functional
           ------------------
 PBE functional
 exchange:    LDA + PBE
 correlation: LDA (PW) + PBE

 spherical integration : Lebedev's spherical grid
 spherical gridsize    :                     4
    i.e. gridpoints    :                   434
 value for diffuse not defined
 radial integration    : Chebyshev 2nd kind (scaling 3)
 radial gridsize       :                     6
 integration cells     :                     3
 partition function    : becke
 partition sharpness   :                     3
  

 biggest AO integral is expected to be     6.990327543
  
           ------------------------
               RI-J - INFORMATION
           ------------------------
 Contributions to RI integral batches: 
  neglected integral batches:                     0
  direct contribution:                            0
  memory contribution:                   703
 Memory core needed for (P|Q) and Cholesky      1 MByte
 Memory core minimum needed except of (P|Q)     1 MByte
 Total minimum memory core needed (sum)         1 MByte
  
 ****************************************
 Memory allocated for RI-J     7 MByte
 ****************************************
                                            

          ------------------------
          nuclear repulsion energy  :   9.06464682451    
          ------------------------


         -----------------
         -S,T+V- integrals
         -----------------

 1e-integrals will be neglected if expon. factor < 0.235349E-11
 
   Difference densities algorithm switched on.
   The maximal number of linear combinations of
   difference densities is                    20 .

 DIIS switched on: error vector is FDS-SDF
 Max. Iterations for DIIS is     :   4
 DIIS matrix (see manual) 
    Scaling factor of diagonals  :  1.200
    threshold for scaling factor :  0.000

 scf convergence criterion : increment of total energy < .1000000D-06
                  and increment of one-electron energy < .1000000D-03

  MOs are in ASCII format !


 automatic virtual orbital shift switched on 
      shift if e(lumo)-e(homo) < 0.10000000    


 reading orbital data $scfmo  from file mos
 orbital characterization : expanded
 mo provided and orthogonalized by Cholesky decomposition

 DSCF restart information will be dumped onto file mos


 Starting SCF iterations

          Overall gridpoints after grid construction =         28290

 ITERATION  ENERGY          1e-ENERGY        2e-ENERGY     NORM[dD(SAO)]  TOL
   1  -76.126577505086    -124.24375348     39.052529147    0.000D+00 0.235D-10
                            Exc = -9.41757268890     Coul =  48.4701018363    
                              N = 10.000000122    
                            current damping = 0.300
 
          max. resid. norm for Fia-block=  8.774D-01 for orbital      2a         
          max. resid. fock norm         =  1.173D+02 for orbital    112a         

 ITERATION  ENERGY          1e-ENERGY        2e-ENERGY     NORM[dD(SAO)]  TOL
   2  -76.357723399435    -122.01995657     36.597586348    0.576D+00 0.168D-10
                            Exc = -9.11163670050     Coul =  45.7092230488    
                              N = 10.000000116    
                            current damping = 0.250
 
          Norm of current diis error:  1.0469    
          max. resid. norm for Fia-block=  1.034D-01 for orbital      2a         
          max. resid. fock norm         =  1.727D-01 for orbital     57a         

 ITERATION  ENERGY          1e-ENERGY        2e-ENERGY     NORM[dD(SAO)]  TOL
   3  -76.379170054893    -123.42298356     37.979166678    0.225D+00 0.135D-10
                            Exc = -9.31689297123     Coul =  47.2960596488    
                              N = 10.000000140    
                            current damping = 0.200
 
          Norm of current diis error: 0.54345    
          max. resid. norm for Fia-block=  3.389D-02 for orbital      4a         
          max. resid. fock norm         =  3.452D-02 for orbital      4a         

 ITERATION  ENERGY          1e-ENERGY        2e-ENERGY     NORM[dD(SAO)]  TOL
   4  -76.386226182608    -122.59720158     37.146328578    0.769D-01 0.120D-10
                            Exc = -9.20406699006     Coul =  46.3503955676    
                              N = 10.000000131    
                            current damping = 0.250
 
          Norm of current diis error: 0.19138    
          max. resid. norm for Fia-block=  8.010D-03 for orbital      2a         
          max. resid. fock norm         =  8.551D-03 for orbital     60a         

 ITERATION  ENERGY          1e-ENERGY        2e-ENERGY     NORM[dD(SAO)]  TOL
   5  -76.386982619538    -122.76940842     37.317778979    0.785D-02 0.113D-10
                            Exc = -9.22738569354     Coul =  46.5451646723    
                              N = 10.000000135    
                            current damping = 0.300
 
          Norm of current diis error: 0.26749E-01
          max. resid. norm for Fia-block=  1.298D-03 for orbital      3a         
          max. resid. fock norm         =  1.622D-03 for orbital     57a         
          mo-orthogonalization: Cholesky decomposition

 ITERATION  ENERGY          1e-ENERGY        2e-ENERGY     NORM[dD(SAO)]  TOL
   6  -76.386998999767    -122.79601617     37.344370349    0.742D-03 0.107D-10
                            Exc = -9.23108224442     Coul =  46.5754525937    
                              N = 10.000000135    
                            current damping = 0.150
 
          Norm of current diis error: 0.26226E-02
          max. resid. norm for Fia-block=  2.006D-04 for orbital      3a         
          max. resid. fock norm         =  2.041D-04 for orbital      2a         

 ITERATION  ENERGY          1e-ENERGY        2e-ENERGY     NORM[dD(SAO)]  TOL
   7  -76.386999181417    -122.79746175     37.345815747    0.284D-03 0.103D-10
                            Exc = -9.23133443799     Coul =  46.5771501848    
                              N = 10.000000135    
                            current damping = 0.100
 
          Norm of current diis error: 0.75322E-03
          max. resid. norm for Fia-block=  4.694D-05 for orbital      4a         
          max. resid. fock norm         =  7.116D-05 for orbital     55a         

 ITERATION  ENERGY          1e-ENERGY        2e-ENERGY     NORM[dD(SAO)]  TOL
   8  -76.386999193990    -122.79800006     37.346354046    0.215D-04 0.100D-10
                            Exc = -9.23140295588     Coul =  46.5777570018    
                              N = 10.000000135    
                            current damping = 0.100
 
          Norm of current diis error: 0.80291E-04
          max. resid. norm for Fia-block=  5.045D-06 for orbital      4a         
          max. resid. fock norm         =  6.568D-06 for orbital      4a         

 ENERGY CONVERGED !


 ITERATION  ENERGY          1e-ENERGY        2e-ENERGY     NORM[dD(SAO)]  TOL
   9  -76.386999194125    -122.79796494     37.346318922    0.164D-05 0.971D-11
                            Exc = -9.23139879250     Coul =  46.5777177140    
                              N = 10.000000135    
                            current damping = 0.150
 
          Norm of current diis error: 0.98117E-05
          max. resid. norm for Fia-block=  6.605D-07 for orbital      3a         
          max. resid. fock norm         =  7.220D-07 for orbital     27a         

 End of SCF iterations

   convergence criteria satisfied after     9 iterations


                  ------------------------------------------ 
                 |  total energy      =    -76.38699919413  |
                  ------------------------------------------ 
                 :  kinetic energy    =     76.09962070350  :
                 :  potential energy  =   -152.48661989763  :
                 :  virial theorem    =      1.99623786124  :
                 :  wavefunction norm =      1.00000000000  :
                  .......................................... 


 <geterg> : there is no data group $energy 


 <skperg> : $end is missing 


 orbitals $scfmo  will be written to file mos

    irrep                  1a          2a          3a          4a          5a   
 eigenvalues H        -18.75502    -0.92398    -0.47781    -0.33949    -0.26210
            eV        -510.3540    -25.1429    -13.0020     -9.2381     -7.1322
 occupation              2.0000      2.0000      2.0000      2.0000      2.0000

    irrep                  6a          7a          8a          9a         10a   
 eigenvalues H         -0.01388     0.05196     0.21582     0.23038     0.23716
            eV          -0.3776      1.4140      5.8728      6.2691      6.4535
 
 
 
 
 ==============================================================================
                           electrostatic moments
 ==============================================================================

 reference point for electrostatic moments:    0.00000   0.00000   0.00000

 
              nuc           elec       ->  total
 ------------------------------------------------------------------------------
                          charge      
 ------------------------------------------------------------------------------
          10.000000     -10.000000       0.000000
 
 ------------------------------------------------------------------------------
                       dipole moment  
 ------------------------------------------------------------------------------
   x       0.000000       0.000000       0.000000
   y       0.000000       0.000000       0.000000
   z       5.256163      -5.992993      -0.736830
 
   | dipole moment | =     0.7368 a.u. =     1.8728 debye 
 
 ------------------------------------------------------------------------------
                     quadrupole moment
 ------------------------------------------------------------------------------
  xx       4.197028      -7.530442      -3.333413
  yy       0.000000      -5.754318      -5.754318
  zz       4.792482     -10.367140      -5.574658
  xy       0.000000       0.000000       0.000000
  xz       0.000000       0.000000       0.000000
  yz       0.000000       0.000000       0.000000
 
     1/3  trace=      -4.887463
     anisotropy=       2.336262
 
 ==============================================================================
 
HOMO-LUMO Separation
 HOMO         :   -0.26210146 H =     -7.13215 eV
 LUMO         :   -0.01387783 H =     -0.37764 eV
 HOMO-LUMO gap:    0.24822363 H =     +6.75451 eV
 
 ==============================================================================


    ------------------------------------------------------------------------
         total  cpu-time :   1.37 seconds
         total wall-time :   2.33 seconds
    ------------------------------------------------------------------------

   ****  ridft : all done  ****


    2020-07-10 12:14:09.815 

