
 force (newyork) : TURBOMOLE rev. V7.4.1 (b987a8a8) compiled 15 Oct 2019 at 12:03:25
 Copyright (C) 2019 TURBOMOLE GmbH, Karlsruhe


    2020-06-19 03:52:26.525 



                             T U R B O M O L E   

                          a o f o r c e - program

                        using direct algorithms for

                       SCF level calculations of
                         * harmonic force constants
                         * hyperpolarizabilities
                         * IR and RAMAN intensities
                         * VCD intensities

                       DFT level calculations of
                         * harmonic force constants
                         * IR intensities
                                                   
       Stephan Boecker, Peter Deglmann, Filipp Furche and Marco Haeser
                          Quantum Chemistry Group
                          Universitaet  Karlsruhe
                                   Germany

 
 
 
 
     References :
 
       RI-J implementation:
         Peter Deglmann, Klaus May, Filipp Furche, Reinhart Ahlrichs
                 Chem. Phys. Lett. 384:103 (2004)
 
       Efficiency, technical details:
         Peter Deglmann, Filipp Furche, Reinhart Ahlrichs
                 Chem. Phys. Lett. 362:511 (2002)
 
       Search of lowest eigenvalues by iterative diagonalization:
         Peter Deglmann, Filipp Furche
                 J. Chem. Phys. 117:9535 (2002)
 
       Vibrational circular dichroism implementation:
        Kevin Reiter, Michael Kuehn, Florian Weigend
                 J. Chem. Phys. 146:054102 (2017)  
 
 


              +--------------------------------------------------+
              | Atomic coordinate, charge and isotop information |
              +--------------------------------------------------+

                    atomic coordinates            atom    charge  isotop
         -2.72315587    1.62926880   -1.88143085    c      6.000     0
         -2.02824137    4.09492336   -0.55238457    c      6.000     0
         -3.25924565    0.17146591   -0.52025887    h      1.000     0
         -1.13611772    0.90114323   -2.98441594    h      1.000     0
         -4.31320134    1.89714632   -3.17220849    h      1.000     0
         -0.43873591    3.82580502    0.73801295    h      1.000     0
         -3.61550059    4.82277128    0.55087733    h      1.000     0
         -1.49143154    5.55262309   -1.91374423    h      1.000     0
          2.03326170   -4.09173704    0.54391920    c      6.000     0
          2.71815112   -1.63245684    1.88986921    c      6.000     0
          1.51228851   -5.56398392    1.89575061    h      1.000     0
          3.62014802   -4.80011525   -0.57247155    h      1.000     0
          0.43602041   -3.82260862   -0.73688108    h      1.000     0
          4.31498625   -1.90066390    3.17217124    h      1.000     0
          1.13101326   -0.92304185    3.00487830    h      1.000     0
          3.23976071   -0.16053959    0.53831674    h      1.000     0
 
       center of nuclear mass  :    0.00000285   -0.00000031   -0.00000494
       center of nuclear charge:    0.00000216   -0.00000024   -0.00000375

              +--------------------------------------------------+
              |               basis set information              |
              +--------------------------------------------------+

              we will work with the 1s 3p 5d 7f 9g ... basis set
              ...i.e. with spherical basis functions...

   type   atoms  prim   cont   basis
   ---------------------------------------------------------------------------
    c        4     46     31   def2-TZVP   [5s3p2d1f|11s6p2d1f]
    h       12      8      6   def2-TZVP   [3s1p|5s1p]
   ---------------------------------------------------------------------------
   total:   16    280    196
   ---------------------------------------------------------------------------

   total number of primitive shells          :   26
   total number of contracted shells         :   92
   total number of cartesian basis functions :  216
   total number of SCF-basis functions       :  196

 
             FOUND RI-J FLAG !
 

 NOTE: THIS IS A PRELIMINARY IMPLEMENTATION. THE RI APPROXIMATION IS
       PRESENTLY USED FOR CPKS CONTRIBUTIONS TO THE HESSIAN ONLY! SEE
       MANUAL FOR FURTHER DETAILS.

  
 AUXILIARY BASIS SET information:

              we will work with the 1s 3p 5d 7f 9g ... basis set
              ...i.e. with spherical basis functions...

   type   atoms  prim   cont   basis
   ---------------------------------------------------------------------------
    c        4     70     49   def2-TZVP   [6s4p3d1f1g|12s5p4d2f1g]
    h       12     16     11   def2-TZVP   [3s1p1d|5s2p1d]
   ---------------------------------------------------------------------------
   total:   16    472    328
   ---------------------------------------------------------------------------

   total number of primitive shells          :   32
   total number of contracted shells         :  120
   total number of cartesian basis functions :  388
   total number of SCF-basis functions       :  328


 symmetry group of the molecule :   c1 

 the group has the following generators :
   c1(z)

    1 symmetry operations found

 there are 1 real representations :   a   

 maximum number of shells which are related by symmetry :  1


 determining totally symmetric integral contributions 
    - equivalent to irreducible tensor elements - 
 which can be formed within each triple of representations :

             representation triple      contributions

              a     a     a               1

    mo occupation :
   irrep   mo's   occupied
    a      196       18
 
 number of basis functions   :                    196
 number of occupied orbitals :                     18
 
  MOs are in ASCII format !


 reading orbital data $scfmo  from file mos
 orbital characterization : scfconv=7
 time elapsed for calculating density matrices :   0.001 sec

 number of non-frozen orbitals          :   196
 number of non-frozen occupied orbitals :    18
 Blocking parameters 
 shells:
    index      start shell   last shell  start bf    last bf    #bf 
       1             1          92             1        216    216
          size of I/O Block in Byte:               17915904
  
           ----------------------
               RI - INFORMATION
           ----------------------

 biggest AO integral is expected to be     5.725698708

 Threshold for integral neglect (rithr2):   0.12E-10
 Threshold for integral neglect (rithr1):   0.12E-10

 Contributions to RI integral batches: 
  neglected integral batches:                   466
  direct contribution:                            0
  memory contribution:                  3812
 Core memory available (ricore):               500 MiB
 Core memory needed for (P|Q) and Cholesky:      1 MiB
 Core memory used for integrals:                63 MiB
 
 ****************************************
 Memory allocated for RIDFT: 64 MiB
 ****************************************
 
  
           ------------------
           density functional
           ------------------
 TPSS global hybrid functional
 exchange:    9/10 (LDA+TPSS) + 1/10 HF
 correlation: LDA (PW) + TPSS

 spherical integration : Lebedev's spherical grid
 spherical gridsize    :                     4
    i.e. gridpoints    :                   434
 value for diffuse not defined
 radial integration    : Chebyshev 2nd kind (scaling 3)
 radial gridsize       :                     6
 integration cells     :                    16
 partition function    : becke
 partition sharpness   :                     3
  
 
 Derivatives of quadrature weights will be included
 
 preparing DFT   numerical integration ....
          Overall gridpoints after grid construction =        140564
 Ordering of quadrature gridpoints disabled.
 
 
 
 
 OCCUPIED-OCCUPIED TENSOR SPACES :

          IRREP   tensor space dimension   number of roots

           a               324                  42
 
 OCCUPIED-VIRTUAL TENSOR SPACES :

          IRREP   tensor space dimension   number of roots

           a              3204                  42
 
 
 
 
 CONSTRUCTING integral bounds

 setting up bound for integral derivative estimation

 increment for numerical differentiation : 0.00050000
 
 machine precision:   2.220446049250313E-016

 integral neglect threshold       :  0.10E-09
 integral storage threshold THIZE :  0.10E-04
 integral storage threshold THIME :         5

 
 
 
 PREPARING NUMERICAL INTEGRATION
 
 Remaining core memory for DFT =                   449 MB
 
 Memory needed per atom    =                   549 KiB
 
     i. e.                    16 atoms per loop

 Calculating ground state density on molecular grid

 Integral of ground state density: N =   36.00000460425713    


 
 
 CONSTRUCTING first deriv. of <mu|x,y,z|nu> -> Dip. deriv.
  dipole integral derivatives will be neglected if
  expon. factor <0.231481E-11
      ...terminated. cpu:       0.01       wall:       0.01
 
 
 
 
 CONSTRUCTING first deriv. of  <mu|nu>
                               <mu|h|nu>    -> RHS
              second deriv. of <mu|nu>      -> Hessian
                               <mu|h|nu>    -> Hessian
                               nucl. rep.   -> Hessian
     integrals are neglected if expon. factor <  2.314814814814815E-013
  _________________________________
 |                                 |
 |         DFTD3 V3.1 Rev 0        |
 | S.Grimme, University Bonn       |
 |            June  2014           |
 |   see standalone version        |
 |       dftd3 -h for options      |
 |_________________________________|
 
 Please cite DFT-D3 work done with this code as:
 S. Grimme, J. Antony, S. Ehrlich and H. Krieg,
 J. Chem. Phys, 132 (2010), 154104.
 If used with BJ-damping cite also
 S. Grimme, S. Ehrlich and L. Goerigk,
 J. Comput. Chem. 32 (2011), 1456-1465
 For DFT-D2 the reference is
 S. Grimme, J. Comput. Chem., 27 (2006), 1787-1799
 
C6 coefficients used:
                     2  C6 for element                      1
Z=  1 CN= 0.912     C6(AA)=    3.03
Z=  1 CN= 0.000     C6(AA)=    7.59
                     5  C6 for element                      6
Z=  6 CN= 0.000     C6(AA)=   49.11
Z=  6 CN= 0.987     C6(AA)=   43.25
Z=  6 CN= 1.998     C6(AA)=   29.36
Z=  6 CN= 2.999     C6(AA)=   25.78
Z=  6 CN= 3.984     C6(AA)=   18.21

#           XYZ [au]              R0(AA) [Ang.]  CN          C6(AA)     C8(AA)   C10(AA) [au]
  1  -2.74316   1.62927  -1.88143   c   0.644  3.983        18.3       530.5     18794.7
  2  -2.02824   4.09492  -0.55238   c   0.644  3.983        18.3       530.5     18795.2
  3  -3.25925   0.17147  -0.52026   h   0.417  0.998         3.1        37.4       553.4
  4  -1.13612   0.90114  -2.98442   h   0.417  0.996         3.1        37.4       553.6
  5  -4.31320   1.89715  -3.17221   h   0.417  0.998         3.1        37.4       553.4
  6  -0.43874   3.82581   0.73801   h   0.417  0.997         3.1        37.4       553.5
  7  -3.61550   4.82277   0.55088   h   0.417  0.997         3.1        37.4       553.5
  8  -1.49143   5.55262  -1.91374   h   0.417  0.997         3.1        37.4       553.5
  9   2.03326  -4.09174   0.54392   c   0.644  3.983        18.3       530.5     18794.9
 10   2.71815  -1.63246   1.88987   c   0.644  3.984        18.3       530.5     18794.5
 11   1.51229  -5.56398   1.89575   h   0.417  0.997         3.1        37.4       553.5
 12   3.62015  -4.80012  -0.57247   h   0.417  0.997         3.1        37.4       553.5
 13   0.43602  -3.82261  -0.73688   h   0.417  0.997         3.1        37.4       553.5
 14   4.31499  -1.90066   3.17217   h   0.417  0.997         3.1        37.4       553.5
 15   1.13101  -0.92304   3.00488   h   0.417  0.997         3.1        37.4       553.5
 16   3.23976  -0.16054   0.53832   h   0.417  0.997         3.1        37.4       553.5

molecular C6(AA) [au] =      1455.93

           DFT-D V3(BJ)
 DF tpssh                                             
 parameters
 s6       :    1.0000
 s8       :    2.2382
 a1       :    0.4529
 a2       :    4.6550
 k1-k3    :   16.0000    1.3333   -4.0000
 
 Edisp /kcal,au:    -5.7644 -0.00918613

 E6    /kcal :    -3.0587
 E8    /kcal :    -2.7057
 % E8        : 46.94
 
 doing analytical gradient O(N^2) ...
 
 |G|=  3.845856369712638E-003
      ...terminated. cpu:       0.30       wall:       0.30
 
 
 
 
 CONSTRUCTING second deriv. of 2e energy    -> Hessian
   treating Coulomb (and exchange) contribution
     integrals will be neglected if total contribution <  2.314814814814815E-009
      ...terminated. cpu:      34.86       wall:      34.86
   treating exchange-correlation contribution
      ...terminated. cpu:      54.09       wall:      54.09
 
 
 
 
 CONSTRUCTING S(i,j)xi
      ...terminated. cpu:       0.00       wall:       0.00
 
 
 
 
 CONSTRUCTING <i|x,y,z|j>*S(i,j)xi          -> Dip. deriv.
      ...terminated. cpu:       0.02       wall:       0.02
 
 
 
 
 CONSTRUCTING epsilon(i)*S(i,j)xi*S(i,j)chi -> Hessian
      ...terminated. cpu:       0.00       wall:       0.00
 
 
 
 
 CONSTRUCTING G(a,i)[S(k,l)xi]              -> RHS
              G(i,j)[S(k,l)xi]*S(i,j)chi    -> Hessian
 
         Maximum core memory set to                    500 MB
         This corresponds to                  1376 vectors in CAO basis
      ...terminated. cpu:     154.28       wall:     154.28
 
 
 
 
 CONSTRUCTING G(mu,nu)[D(kap,lam)]xi
 
          Maximum core memory set to                    500 MB
          Atoms treated simultaneously :                    16
 max of dfo   36.7981523467765     
      ...terminated. cpu:     105.73       wall:     105.73
 
 
 
 
 CONSTRUCTING F(a,i)xi                      -> RHS
              F(i,j)xi*S(i,j)chi            -> Hessian
 
        Maximum core memory set to                   500 MB
        This corresponds to                  2460 vectors in CAO basis
      ...terminated. cpu:       0.06       wall:       0.06
 
 
 
 
 CONSTRUCTING epsilon(i)*S(a,i)xi           -> RHS
      ...terminated. cpu:       0.01       wall:       0.01
 
 
 
 
 SOLVING CPHF equations
 
 Residuum convergence criterium   :  1.000000000000000E-005
 
 Maximum number of Davidson iterations set to                    25


                       Nonorthonormal Krylov Space Iteration


 total number of roots to be determined: 42


 maximum core memory set to   500 MB,
 corresponding to     1365 vectors in CAO basis


 maximum number of simultaneously treated vectors (including degeneracy):       42


 Iteration IRREP Converged      Max. Euclidean
                 roots          residual norm

    1       a        0        4.519752515969157D-02
 
    2       a        0        3.542581787377292D-03
 
    3       a        0        2.500895589265832D-04
 
    4       a       37        1.130904710613663D-05
 
    5       a       42        9.908199656967736D-06
 

 converged!

      ...terminated. cpu:     683.13       wall:     683.13
 
 
 
 
 CONSTRUCTING <a|x,y,z|i>*U(a,i)xi          -> Dip. deriv.
      ...terminated. cpu:       0.03       wall:       0.03
 
 
 
 
 CONSTRUCTING RHS(a,i)xi*U(a,i)chi          -> Hessian
      ...terminated. cpu:       0.00       wall:       0.00
 
 
 
 

            -----------------------
            permanent dipole moment
            -----------------------

                                   x                y                z
    electronic part       :   -0.0001370361     0.0000127302     0.0001692243
     nuclear   part       :    0.0000778779    -0.0000085761    -0.0001350864
     total                :   -0.0000591582     0.0000041540     0.0000341380

 with reference to the point :   0.0000000        0.0000000        0.0000000
 (given in atomic units)
    | dipole |       :    0.0001739272  debye

   ***  dipole moment & cartesian dipole gradients written onto
        $dipole, $dipgrad,  file=<dipgrad>  ***

             -----------------------------------
             rotational and vibrational analysis
             -----------------------------------


            ==============================================================
            ATOMIC WEIGHTS (average over the natural occurance of isotops)
            ==============================================================
            ('*' denotes special isotop !)
              1     c                12.01115
              2     c                12.01115
              3     h                 1.00797
              4     h                 1.00797
              5     h                 1.00797
              6     h                 1.00797
              7     h                 1.00797
              8     h                 1.00797
              9     c                12.01115
             10     c                12.01115
             11     h                 1.00797
             12     h                 1.00797
             13     h                 1.00797
             14     h                 1.00797
             15     h                 1.00797
             16     h                 1.00797

          -------------------------------------------------
          CARTESIAN FORCE CONSTANT MATRIX (hartree/bohr**2)
         (translational & rotational space projected out)
          -------------------------------------------------

   ATOM              1 c                           2 c 
                  dx        dy        dz        dx        dy        dz
   1 c     dx  0.5565280
           dy -0.0201868 0.4911818
           dz -0.0105386-0.0383269 0.5413678
   2 c     dx -0.0850682-0.0238097-0.0128046 0.5564328
           dy -0.0237923-0.1629303-0.0455386-0.0200959 0.4910685
           dz -0.0127991-0.0455732-0.1029034-0.0104005-0.0382481 0.5412947
   3 h     dx -0.0651593-0.0455060 0.0443881-0.0026638-0.0056415 0.0054036
           dy -0.0456486-0.1712332 0.1206061-0.0075940-0.0210341 0.0195531
           dz  0.0449973 0.1216571-0.1641745-0.0047953-0.0129674 0.0119545
   4 h     dx -0.2041382 0.0688413 0.1067524 0.0079452-0.0036726-0.0057510
           dy  0.0680366-0.0764354-0.0453752 0.0234482-0.0109448-0.0160793
           dz  0.1058547-0.0455975-0.1199725 0.0118981-0.0052541-0.0087319
   5 h     dx -0.2011865 0.0289459-0.1229708-0.0056835 0.0009203-0.0041201
           dy  0.0297878-0.0523218 0.0245709-0.0243581 0.0039361-0.0196515
           dz -0.1227133 0.0238462-0.1471927-0.0116059 0.0021359-0.0099529
   6 h     dx -0.0057848 0.0008342-0.0042233-0.2015907 0.0289305-0.1233233
           dy -0.0243043 0.0039930-0.0195837 0.0300625-0.0523681 0.0248608
           dz -0.0116511 0.0020905-0.0100518-0.1229823 0.0238728-0.1474753
   7 h     dx  0.0079511-0.0037199-0.0058524-0.2040367 0.0688630 0.1065194
           dy  0.0234680-0.0109282-0.0160258 0.0679030-0.0764603-0.0451793
           dz  0.0118940-0.0052701-0.0087602 0.1058761-0.0455684-0.1200554
   8 h     dx -0.0027087-0.0056651 0.0053994-0.0653223-0.0455860 0.0445095
           dy -0.0075333-0.0209933 0.0195610-0.0455153-0.1711353 0.1204298
           dz -0.0048475-0.0130226 0.0119596 0.0448849 0.1215876-0.1640963
   9 c     dx -0.0002220-0.0000853 0.0001348 0.0003463 0.0000618 0.0001263
           dy -0.0000729-0.0000810 0.0000149 0.0000645-0.0000752-0.0000272
           dz  0.0001404 0.0000277-0.0003123 0.0001275-0.0000249 0.0003263
  10 c     dx  0.0000465 0.0001471-0.0004326-0.0002217-0.0000699 0.0001456
           dy  0.0001467-0.0001745-0.0001032-0.0000834-0.0000762 0.0000365
           dz -0.0004311-0.0001063 0.0002120 0.0001342 0.0000063-0.0003209
  11 h     dx  0.0000590 0.0000432-0.0000881-0.0000820-0.0000091-0.0000276
           dy -0.0000440-0.0000385 0.0000957-0.0000506 0.0000137-0.0001024
           dz  0.0000922 0.0000085-0.0001063-0.0000817-0.0000140-0.0000311
  12 h     dx -0.0001299-0.0000527 0.0001362-0.0000095 0.0000017-0.0000815
           dy  0.0000838-0.0000061-0.0000511-0.0000987-0.0000087-0.0000332
           dz -0.0000449 0.0000010 0.0000485-0.0000649 0.0000036-0.0000770
  13 h     dx  0.0001300 0.0001752-0.0002611-0.0001466-0.0000224 0.0000004
           dy  0.0000602-0.0001941-0.0001100-0.0001200-0.0000184-0.0000738
           dz -0.0002941-0.0000578 0.0002430-0.0000163 0.0000279-0.0001752
  14 h     dx -0.0001072-0.0000862 0.0001024 0.0000763-0.0000047-0.0000144
           dy  0.0000291 0.0000091 0.0000960-0.0000953 0.0000029-0.0001066
           dz  0.0001317 0.0000074-0.0001403-0.0000427-0.0000349 0.0000448
  15 h     dx -0.0000729 0.0001685-0.0000270 0.0001792 0.0000586 0.0000724
           dy  0.0000703 0.0001322-0.0000375 0.0002197 0.0000274 0.0001821
           dz  0.0002812 0.0001196-0.0002309-0.0002991-0.0000195-0.0000675
  16 h     dx -0.0001369-0.0000437 0.0002853-0.0001546 0.0000586-0.0002598
           dy -0.0001004 0.0000202 0.0002073 0.0001231 0.0000027 0.0000122
           dz -0.0000716 0.0001964 0.0000138 0.0001725 0.0000359 0.0002664

   ATOM              3 h                           4 h 
                  dx        dy        dz        dx        dy        dz
   3 h     dx  0.0660908
           dy  0.0521946 0.1895668
           dz -0.0488027-0.1314160 0.1771655
   4 h     dx -0.0067618 0.0023725 0.0034017 0.2203522
           dy -0.0186631 0.0083994 0.0116756-0.0744692 0.0842027
           dz  0.0174198-0.0079157-0.0121218-0.1172397 0.0537091 0.1281843
   5 h     dx  0.0074229-0.0007209 0.0059681-0.0196557 0.0038609-0.0163159
           dy  0.0185308-0.0035757 0.0132392 0.0077255-0.0025169 0.0073285
           dz -0.0173954 0.0030097-0.0139893 0.0138932-0.0023541 0.0120247
   6 h     dx -0.0000812-0.0000974 0.0002818 0.0008400-0.0002959 0.0001100
           dy  0.0001304 0.0014049 0.0008426 0.0006205 0.0013924 0.0005821
           dz  0.0004370-0.0000607 0.0009342 0.0002812 0.0004903-0.0000209
   7 h     dx  0.0004311 0.0008330 0.0001625 0.0009010-0.0022679-0.0014613
           dy  0.0004560 0.0009700 0.0009261-0.0022533-0.0050551-0.0030180
           dz -0.0004685 0.0002728 0.0008875-0.0014913-0.0029950-0.0004370
   8 h     dx  0.0005437-0.0014433-0.0011797 0.0004417 0.0004627-0.0004675
           dy -0.0014749-0.0044616-0.0039700 0.0008388 0.0009731 0.0002697
           dz -0.0011556-0.0039794-0.0006739 0.0001631 0.0009236 0.0008754
   9 c     dx -0.0001587 0.0001246 0.0001707 0.0001833 0.0002177-0.0002993
           dy  0.0000523 0.0000106 0.0000335 0.0000623 0.0000229-0.0000210
           dz -0.0002612 0.0000219 0.0002603 0.0000748 0.0001843-0.0000699
  10 c     dx -0.0001509-0.0000938-0.0000736-0.0000728 0.0000701 0.0002896
           dy -0.0000467 0.0000167 0.0001938 0.0001735 0.0001363 0.0001240
           dz  0.0002777 0.0002087 0.0000068-0.0000244-0.0000418-0.0002277
  11 h     dx  0.0000597-0.0000142-0.0000486-0.0000712-0.0000819 0.0001134
           dy -0.0000431 0.0000046 0.0000063 0.0000108 0.0000118-0.0001213
           dz  0.0000692 0.0000025-0.0000419-0.0000778-0.0000826 0.0001257
  12 h     dx  0.0001715-0.0000030-0.0001326-0.0000253-0.0000426 0.0000820
           dy -0.0000939-0.0000301 0.0000166-0.0000069 0.0000201-0.0000241
           dz  0.0000557-0.0000229-0.0000790-0.0000227-0.0000338 0.0000290
  13 h     dx -0.0000006 0.0000602-0.0000170-0.0000966-0.0001251 0.0002403
           dy  0.0002556-0.0000068-0.0001135-0.0001156-0.0001313 0.0002661
           dz  0.0002816 0.0000057-0.0001880-0.0000137 0.0000032 0.0000936
  14 h     dx  0.0001840 0.0000746-0.0000278-0.0000132-0.0000246 0.0000295
           dy -0.0000677-0.0000509-0.0000512-0.0000446-0.0000531-0.0001333
           dz -0.0000183-0.0000407-0.0000380-0.0000254-0.0000065 0.0001689
  15 h     dx  0.0001230-0.0000467 0.0000883 0.0000335-0.0000287-0.0000225
           dy -0.0000873 0.0000195-0.0000242-0.0000293-0.0000397 0.0000118
           dz -0.0002394-0.0001973 0.0000874-0.0000216 0.0000140-0.0000152
  16 h     dx -0.0000505 0.0000025 0.0000068 0.0001379-0.0000972-0.0002314
           dy  0.0000044-0.0000001-0.0000484-0.0000538 0.0000175-0.0002063
           dz  0.0000085-0.0000477 0.0000102 0.0001013-0.0000316 0.0000953

   ATOM              5 h                           6 h 
                  dx        dy        dz        dx        dy        dz
   5 h     dx  0.2171639
           dy -0.0308959 0.0571432
           dz  0.1373626-0.0236795 0.1584690
   6 h     dx  0.0011763-0.0016368-0.0002887 0.2177484
           dy -0.0016669-0.0054728-0.0033412-0.0311249 0.0572904
           dz -0.0002949-0.0033125-0.0002927 0.1376478-0.0239259 0.1588403
   7 h     dx  0.0008582 0.0006255 0.0003361-0.0196545 0.0077119 0.0139886
           dy -0.0003119 0.0014065 0.0004731 0.0038845-0.0025360-0.0023929
           dz  0.0001019 0.0006044-0.0000201-0.0162940 0.0073065 0.0120900
   8 h     dx -0.0000980 0.0001414 0.0004271 0.0075216 0.0185418-0.0173882
           dy -0.0001428 0.0014120-0.0000731-0.0007470-0.0036129 0.0030307
           dz  0.0003018 0.0008528 0.0009319 0.0060532 0.0132507-0.0139969
   9 c     dx  0.0000781-0.0000967-0.0000419-0.0001451-0.0001154-0.0000177
           dy -0.0000028 0.0000018-0.0000358-0.0000237-0.0000181 0.0000297
           dz -0.0000154-0.0001051 0.0000440 0.0000020-0.0000786-0.0001746
  10 c     dx -0.0001105 0.0000299 0.0001309 0.0001320 0.0000428-0.0002934
           dy -0.0000879 0.0000080 0.0000080 0.0001747-0.0002000-0.0000636
           dz  0.0001041 0.0000955-0.0001376-0.0002608-0.0000895 0.0002439
  11 h     dx -0.0000306 0.0000419 0.0000149 0.0000112 0.0000176 0.0000216
           dy  0.0000594-0.0000225 0.0000069 0.0000051 0.0000584 0.0000845
           dz -0.0000433 0.0000579 0.0000075 0.0000004 0.0000048 0.0000218
  12 h     dx -0.0000214 0.0000800-0.0000400 0.0000046-0.0000086 0.0000012
           dy  0.0000137-0.0000236 0.0000410 0.0000610 0.0000661 0.0000092
           dz  0.0000078 0.0000288 0.0000015 0.0000366 0.0000421 0.0000192
  13 h     dx -0.0000828 0.0000567 0.0000366 0.0000273 0.0000176 0.0000034
           dy -0.0001047 0.0001863-0.0000108 0.0000178-0.0000229-0.0000009
           dz -0.0000159 0.0001321-0.0000696 0.0000028-0.0000016 0.0000283
  14 h     dx -0.0000055 0.0000815-0.0000715-0.0000825-0.0001011-0.0000165
           dy  0.0000821-0.0000577 0.0000216 0.0000550 0.0001859 0.0001334
           dz -0.0000719 0.0000219 0.0000484 0.0000379-0.0000137-0.0000692
  15 h     dx -0.0000118-0.0000436-0.0000256-0.0001001-0.0001039-0.0000132
           dy -0.0000248-0.0000510-0.0000078-0.0001242-0.0001373-0.0000013
           dz  0.0000278-0.0001309 0.0001679 0.0002389 0.0002601 0.0000918
  16 h     dx  0.0001867-0.0000699-0.0000190-0.0000224 0.0002799 0.0002765
           dy  0.0000765-0.0000520-0.0000400 0.0000872-0.0000231 0.0000169
           dz -0.0000260-0.0000523-0.0000402-0.0000215-0.0001156-0.0001883

   ATOM              7 h                           8 h 
                  dx        dy        dz        dx        dy        dz
   7 h     dx  0.2202247
           dy -0.0743817 0.0840965
           dz -0.1170816 0.0535871 0.1283859
   8 h     dx -0.0066729-0.0187649 0.0174659 0.0663261
           dy  0.0022922 0.0085160-0.0079772 0.0522749 0.1893069
           dz  0.0034021 0.0116240-0.0120772-0.0487798-0.1312675 0.1770673
   9 c     dx -0.0000101-0.0001009-0.0000653-0.0000805-0.0000514-0.0000800
           dy  0.0000024-0.0000099 0.0000037-0.0000093 0.0000144-0.0000144
           dz -0.0000827-0.0000335-0.0000773-0.0000286-0.0001010-0.0000298
  10 c     dx -0.0001301 0.0000833-0.0000461 0.0000553-0.0000422 0.0000884
           dy -0.0000591-0.0000043-0.0000016 0.0000430-0.0000400 0.0000106
           dz  0.0001396-0.0000515 0.0000510-0.0000838 0.0000941-0.0001038
  11 h     dx  0.0000141 0.0000319 0.0000205 0.0000077 0.0000109 0.0000082
           dy  0.0000587-0.0000316 0.0000119 0.0000105-0.0000009 0.0000153
           dz  0.0000110 0.0000394 0.0000334 0.0000086 0.0000150 0.0000003
  12 h     dx -0.0000057 0.0000106 0.0000107 0.0000140 0.0000586 0.0000101
           dy  0.0000102 0.0000041 0.0000083 0.0000310-0.0000314 0.0000389
           dz  0.0000109 0.0000082 0.0000102 0.0000202 0.0000113 0.0000331
  13 h     dx  0.0000049 0.0000619 0.0000367 0.0000114 0.0000051 0.0000003
           dy -0.0000077 0.0000681 0.0000424 0.0000179 0.0000575 0.0000037
           dz  0.0000012 0.0000096 0.0000189 0.0000215 0.0000839 0.0000208
  14 h     dx -0.0000213 0.0000144 0.0000076-0.0000292 0.0000589-0.0000432
           dy  0.0000805-0.0000239 0.0000297 0.0000406-0.0000219 0.0000574
           dz -0.0000400 0.0000414 0.0000010 0.0000147 0.0000065 0.0000072
  15 h     dx -0.0000229-0.0000071-0.0000227-0.0000687 0.0000107-0.0000764
           dy -0.0000425 0.0000198-0.0000343-0.0000828 0.0000134-0.0000850
           dz  0.0000791-0.0000237 0.0000297 0.0001101-0.0001205 0.0001259
  16 h     dx  0.0001693-0.0000937 0.0000561 0.0000590-0.0000433 0.0000703
           dy  0.0000015-0.0000318-0.0000204-0.0000123 0.0000040 0.0000044
           dz -0.0001326 0.0000158-0.0000805-0.0000495 0.0000074-0.0000437

   ATOM              9 c                          10 c 
                  dx        dy        dz        dx        dy        dz
   9 c     dx  0.5566173
           dy -0.0197619 0.4914268
           dz -0.0103744-0.0386274 0.5407357
  10 c     dx -0.0848726-0.0233883-0.0127723 0.5566728
           dy -0.0234037-0.1624897-0.0460381-0.0198445 0.4915473
           dz -0.0127873-0.0460004-0.1035304-0.0104916-0.0387101 0.5408049
  11 h     dx -0.0643200-0.0446700 0.0428914-0.0026226-0.0056515 0.0052911
           dy -0.0446116-0.1737065 0.1208472-0.0072872-0.0211271 0.0193606
           dz  0.0432632 0.1220062-0.1625143-0.0047576-0.0132976 0.0120096
  12 h     dx -0.2039451 0.0669388 0.1077466 0.0078491-0.0035727-0.0058519
           dy  0.0659878-0.0748403-0.0444143 0.0234210-0.0106283-0.0161848
           dz  0.1070954-0.0448113-0.1217686 0.0120425-0.0051891-0.0089583
  13 h     dx -0.2031329 0.0290601-0.1229889-0.0057010 0.0008170-0.0041068
           dy  0.0301993-0.0523676 0.0246767-0.0243599 0.0039790-0.0193871
           dz -0.1226361 0.0236982-0.1459324-0.0118850 0.0021219-0.0101243
  14 h     dx -0.0056022 0.0008993-0.0040094-0.2025266 0.0290900-0.1226697
           dy -0.0244061 0.0039266-0.0194661 0.0299328-0.0523364 0.0244357
           dz -0.0118307 0.0021721-0.0100250-0.1224052 0.0237164-0.1458337
  15 h     dx  0.0078444-0.0035337-0.0057464-0.2041233 0.0670020 0.1078895
           dy  0.0234022-0.0106454-0.0162230 0.0662183-0.0748627-0.0446239
           dz  0.0120544-0.0051825-0.0089343 0.1069724-0.0448493-0.1215119
  16 h     dx -0.0025802-0.0056170 0.0052965-0.0642238-0.0446974 0.0428713
           dy -0.0073603-0.0211693 0.0193541-0.0448595-0.1737480 0.1209945
           dz -0.0047122-0.0132385 0.0120025 0.0434877 0.1220414-0.1625797

   ATOM             11 h                          12 h 
                  dx        dy        dz        dx        dy        dz
  11 h     dx  0.0652047
           dy  0.0512393 0.1921302
           dz -0.0469825-0.1316994 0.1753574
  12 h     dx -0.0064687 0.0021303 0.0033179 0.2201076
           dy -0.0189524 0.0083752 0.0119011-0.0722773 0.0822692
           dz  0.0173412-0.0077060-0.0121422-0.1184474 0.0527724 0.1303311
  13 h     dx  0.0073502-0.0007086 0.0058608-0.0197383 0.0038911-0.0161624
           dy  0.0188163-0.0036284 0.0132880 0.0075160-0.0024996 0.0070457
           dz -0.0173535 0.0030044-0.0138118 0.0142147-0.0024372 0.0121398
  14 h     dx -0.0000938-0.0001548 0.0003001 0.0008566-0.0003145 0.0000915
           dy  0.0001322 0.0014078 0.0008581 0.0006222 0.0013979 0.0006134
           dz  0.0004332-0.0000654 0.0009366 0.0003342 0.0004875-0.0000141
  15 h     dx  0.0004307 0.0008347 0.0001663 0.0009175-0.0022167-0.0014953
           dy  0.0004665 0.0009696 0.0009229-0.0022306-0.0050347-0.0030306
           dz -0.0004632 0.0002633 0.0008844-0.0014651-0.0030567-0.0004734
  16 h     dx  0.0005516-0.0014487-0.0011470 0.0004229 0.0004609-0.0004641
           dy -0.0014205-0.0044158-0.0040107 0.0008294 0.0009702 0.0002672
           dz -0.0011721-0.0040015-0.0007290 0.0001650 0.0009263 0.0009000

   ATOM             13 h                          14 h 
                  dx        dy        dz        dx        dy        dz
  13 h     dx  0.2194172
           dy -0.0312770 0.0572365
           dz  0.1372641-0.0236915 0.1571796
  14 h     dx  0.0011955-0.0016375-0.0002943 0.2186407
           dy -0.0016052-0.0054402-0.0033496-0.0310816 0.0571338
           dz -0.0002861-0.0033756-0.0003448 0.1370231-0.0235049 0.1570012
  15 h     dx  0.0008420 0.0006187 0.0002811-0.0197354 0.0075369 0.0140950
           dy -0.0002974 0.0013855 0.0005041 0.0038733-0.0024854-0.0023985
           dz  0.0001006 0.0005923-0.0000125-0.0162028 0.0070827 0.0120720
  16 h     dx -0.0000798 0.0001206 0.0004418 0.0072637 0.0187892-0.0173494
           dy -0.0001093 0.0013964-0.0000533-0.0006870-0.0035944 0.0029871
           dz  0.0002792 0.0008482 0.0009345 0.0057953 0.0132838-0.0138150

   ATOM             15 h                          16 h 
                  dx        dy        dz        dx        dy        dz
  15 h     dx  0.2203446
           dy -0.0724744 0.0824225
           dz -0.1184871 0.0529067 0.1299628
  16 h     dx -0.0065797-0.0188571 0.0173137 0.0650368
           dy  0.0022248 0.0082662-0.0076582 0.0512562 0.1923574
           dz  0.0033236 0.0119384-0.0121760-0.0471476-0.1318063 0.1754299
 

   *** projected hessian written onto $hessian (projected), file=<hessian> ***

 dipole moment in principle axis system (a.u.) :
    -0.0000621214    -0.0000280592     0.0000059966
 norm :  6.842770291594165E-005

 rotational constants b for rotations around axis of inertia
 and optical intensities for (1 <-- 0) transition

   b   :     0.0546461881     0.3692221744     0.0612157918   (cm**(-1))
   b   :        1638.2515       11069.0023        1835.2033     (MHz)
  int. :     0.0000000039     0.0000000008     0.0000000000     (a.u.)

   x   :     0.6412547317     0.5816865015    -0.5004329956
   y   :     0.2196833703    -0.7640495270    -0.6066032782
   z   :    -0.7352085323     0.2790504153    -0.6177372255

   ***  normal modes written onto $vibrational normal modes, file=<vib_normal_modes>  ***

   ***  vibrational spectroscopic data written onto$vibrational spectrum   
        file=<vibspectrum>  ***

          ---------------------------------------------------
          NORMAL MODES and VIBRATIONAL FREQUENCIES (cm**(-1))
          ---------------------------------------------------

 imaginary wave numbers indicate a negative curvature of the energy surface.
 zero frequency modes have no physical meaning except being generators of
 translations and rotations. each vibrational normal mode - given in terms of
 cartesian displacement vectors of all atoms - has been normalized to unity.
 to obtain mass-weigthed normal coordinates in a.u. divide the tabulated
 modes by sqrt(reduced mass * 1822.88853).
 band intensities or cross sections refer to independent non-degenerate normal
 modes, that is, the intensities of degenerate modes have yet to be added.
 dDIP/dQ is the normal mode derivative of the dipole moment.

 WARNING: values of IR intensities are questionable for saddle point structures


       mode               1        2        3        4        5        6

     frequency         i45.67     0.00     0.00     0.00     0.00     0.00

     symmetry            a                                                

        IR               YES       -        -        -        -        - 
|dDIP/dQ|   (a.u.)     0.0000   0.0000   0.0000   0.0000   0.0000   0.0000
intensity (km/mol)       0.00     0.00     0.00     0.00     0.00     0.00
intensity (  %   )       0.00     0.00     0.00     0.00     0.00     0.00
 
       RAMAN             YES       -        -        -        -        - 
 
  1   c           x  -0.03242 -0.11952 -0.00304  0.16362  0.20078 -0.02041
                  y   0.00647 -0.02656  0.28473  0.04406  0.06559 -0.05937
                  z  -0.00140  0.04107  0.11536  0.04155 -0.18510  0.23069
  2   c           x   0.02277  0.04393  0.06584  0.19077  0.24580  0.13290
                  y  -0.00680  0.01905  0.22444  0.08742  0.02870 -0.04539
                  z  -0.00558 -0.12900  0.19120 -0.05309 -0.14022  0.12460
  3   h           x   0.22589 -0.03915 -0.02374  0.18417  0.10190 -0.00891
                  y  -0.07032  0.04741  0.25157  0.09074  0.07323  0.00053
                  z   0.01791  0.15196  0.07169  0.09965 -0.21586  0.29938
  4   h           x  -0.14508 -0.22637 -0.03000  0.14349  0.21140 -0.09949
                  y   0.12743 -0.11169  0.28519  0.00413  0.01743 -0.15002
                  z  -0.24361 -0.05647  0.07625  0.03895 -0.13803  0.17675
  5   h           x  -0.22027 -0.22009 -0.00894  0.14210  0.25398 -0.07204
                  y  -0.02667 -0.05086  0.36425  0.00361  0.13472 -0.03951
                  z   0.22311  0.15992  0.13913  0.05966 -0.23629  0.29841
  6   h           x   0.20591  0.14444  0.07171  0.21227  0.19257  0.18446
                  y   0.02426  0.04334  0.14494  0.12786 -0.04040 -0.06524
                  z  -0.22477 -0.24775  0.16739 -0.07115 -0.08906  0.05695
  7   h           x   0.13269  0.15079  0.09281  0.21090  0.23515  0.21198
                  y  -0.12322  0.10419  0.22397  0.12736  0.07686  0.04527
                  z   0.22943 -0.03143  0.23030 -0.05048 -0.18730  0.17856
  8   h           x  -0.22746 -0.03647  0.08654  0.17021  0.34468  0.12138
                  y   0.06762 -0.05495  0.25759  0.04073  0.02103 -0.10533
                  z  -0.02451 -0.23994  0.23486 -0.11120 -0.10944  0.05589
  9   c           x   0.01999 -0.04456 -0.11149  0.19454 -0.08911 -0.11402
                  y   0.00129 -0.01955  0.09479  0.11684 -0.12869 -0.16130
                  z  -0.00623 -0.08940 -0.12000  0.15258 -0.07488  0.17384
 10   c           x  -0.01049  0.12015 -0.04259  0.22197 -0.04489  0.03986
                  y  -0.00096  0.02706  0.03416  0.16079 -0.16536 -0.14646
                  z   0.01335 -0.25836 -0.04428  0.05832 -0.03039  0.06841
 11   h           x  -0.24780  0.03473 -0.13261  0.21491 -0.18820 -0.10349
                  y   0.07195  0.05367  0.06159  0.16318 -0.12152 -0.10223
                  z  -0.03241  0.02090 -0.16429  0.21090 -0.10525  0.24223
 12   h           x   0.12542 -0.15208 -0.13812  0.17422 -0.07732 -0.19301
                  y  -0.12671 -0.10528  0.09571  0.07646 -0.17673 -0.25234
                  z   0.22492 -0.18783 -0.15845  0.14932 -0.02764  0.11932
 13   h           x   0.20602 -0.14428 -0.11726  0.17320 -0.03620 -0.16513
                  y   0.05966 -0.04323  0.17414  0.07674 -0.05939 -0.14088
                  z  -0.22599  0.02998 -0.09612  0.17077 -0.12630  0.24186
 14   h           x  -0.20206  0.22001 -0.03678  0.24334 -0.09781  0.09107
                  y  -0.06199  0.05082 -0.04523  0.20094 -0.23466 -0.16681
                  z   0.23916 -0.37775 -0.06812  0.04010  0.02102  0.00038
 15   h           x  -0.11849  0.22758 -0.01594  0.24227 -0.05660  0.11883
                  y   0.13217  0.11274  0.03330  0.20112 -0.11731 -0.05545
                  z  -0.22542 -0.15995 -0.00579  0.06156 -0.07763  0.12291
 16   h           x   0.26716  0.04088 -0.02148  0.20161  0.05418  0.02933
                  y  -0.07421 -0.04616  0.06733  0.11445 -0.17256 -0.20554
                  z   0.04050 -0.36869  0.00000  0.00000  0.00000  0.00000

reduced mass(g/mol)     1.035    2.415    3.499    3.545    3.431    3.092


       mode               7        8        9       10       11       12

     frequency           0.00    16.79    24.28    41.33    45.19    54.82

     symmetry                     a        a        a        a        a   

        IR                -       YES      YES      YES      YES      YES
|dDIP/dQ|   (a.u.)     0.0000   0.0000   0.0000   0.0000   0.0001   0.0000
intensity (km/mol)       0.00     0.00     0.00     0.00     0.01     0.00
intensity (  %   )       0.00     0.00     0.00     0.00     0.01     0.00
 
       RAMAN              -       YES      YES      YES      YES      YES
 
  1   c           x   0.08895 -0.16173  0.08101 -0.08835  0.11750  0.03995
                  y  -0.05132  0.05701  0.03917  0.15739 -0.03745 -0.01811
                  z   0.05540 -0.13514 -0.11793 -0.06342  0.04189 -0.03238
  2   c           x   0.01878  0.02798 -0.07338 -0.09813 -0.13871  0.05322
                  y  -0.10558 -0.07454 -0.04775  0.15254  0.09330 -0.04727
                  z   0.19274  0.00994  0.12403 -0.04879 -0.06690  0.01478
  3   h           x   0.11574 -0.26085  0.11899  0.03669  0.33144  0.28759
                  y  -0.13779  0.01322 -0.11115  0.10995 -0.05170 -0.12022
                  z  -0.02666 -0.22099 -0.26405 -0.06507  0.11042 -0.04470
  4   h           x   0.11454 -0.22459  0.14409 -0.12590  0.17267 -0.04900
                  y   0.04729  0.00902  0.21760  0.23498  0.11236  0.13205
                  z   0.02712 -0.19401 -0.14514 -0.16912  0.02243 -0.26010
  5   h           x   0.09116 -0.15212  0.09959 -0.16967  0.04812 -0.12961
                  y  -0.02130  0.25242  0.07841  0.13164 -0.27409 -0.04340
                  z   0.05891 -0.10659 -0.13267  0.03131  0.07824  0.17126
  6   h           x   0.01660  0.01944 -0.08605 -0.01637 -0.06573  0.22736
                  y  -0.13559 -0.26775 -0.08491  0.17881  0.33002 -0.01980
                  z   0.18915 -0.02032  0.13185 -0.14358 -0.10661 -0.19446
  7   h           x  -0.00681  0.08968 -0.13391 -0.06088 -0.19191  0.14438
                  y  -0.20421 -0.02737 -0.23107  0.07354 -0.05976 -0.20447
                  z   0.22100  0.06759  0.15792  0.05692 -0.04247  0.24967
  8   h           x  -0.00801  0.12131 -0.11983 -0.22509 -0.35709 -0.20406
                  y  -0.01908 -0.03027  0.10543  0.20100  0.11045  0.05937
                  z   0.27479  0.09412  0.26973 -0.04694 -0.13457  0.02753
  9   c           x   0.21405 -0.04256 -0.07946  0.16261 -0.09535 -0.02903
                  y  -0.06392  0.07635 -0.04182 -0.19346  0.02979  0.03425
                  z  -0.21965 -0.00533  0.11974  0.09104 -0.03940 -0.00292
 10   c           x   0.14391  0.17632  0.07186  0.02395  0.11637 -0.06411
                  y  -0.11933 -0.05881  0.05038 -0.11644 -0.08565  0.03113
                  z  -0.08272  0.13051 -0.12574  0.02123  0.06416  0.02055
 11   h           x   0.24126 -0.07553 -0.13856  0.36631 -0.15122  0.24554
                  y  -0.14952  0.01842  0.11554 -0.22187 -0.00385 -0.06430
                  z  -0.30238 -0.08110  0.26835  0.13855 -0.09753 -0.00447
 12   h           x   0.23924 -0.13819 -0.13381  0.16158 -0.17997 -0.10413
                  y   0.03541  0.05018 -0.23372 -0.06929 -0.02118  0.20681
                  z  -0.24687 -0.12468  0.16428  0.01080 -0.12738 -0.21919
 13   h           x   0.21615 -0.08306 -0.08336  0.06762 -0.11832 -0.19921
                  y  -0.03462  0.26516 -0.07870 -0.34851  0.20405 -0.03665
                  z  -0.21611  0.08537  0.11682  0.17607  0.02645  0.19467
 14   h           x   0.14177  0.21506  0.08155  0.11807  0.14124  0.10107
                  y  -0.14873 -0.25007  0.08968  0.03819 -0.26002  0.09991
                  z  -0.08620  0.04244 -0.12960 -0.06355 -0.00326 -0.17079
 15   h           x   0.11870  0.27264  0.12872  0.02461  0.20211  0.00809
                  y  -0.21860 -0.03131  0.23738 -0.23929 -0.03529 -0.13408
                  z  -0.05544  0.25032 -0.16399  0.10065  0.15461  0.22898
 16   h           x   0.11671  0.21616  0.12229 -0.17793  0.17091 -0.32844
                  y  -0.03374 -0.00167 -0.10419 -0.08936 -0.05096  0.12477
                  z   0.00000  0.20810 -0.27474 -0.02687  0.12276  0.02115

reduced mass(g/mol)     3.233    2.255    2.009    2.753    1.953    1.182


       mode              13       14       15       16       17       18

     frequency         307.69   308.07   817.85   818.04   818.23   819.53

     symmetry            a        a        a        a        a        a   

        IR               YES      YES      YES      YES      YES      YES
|dDIP/dQ|   (a.u.)     0.0001   0.0000   0.0008   0.0017   0.0023   0.0000
intensity (km/mol)       0.02     0.00     1.25     4.86     9.46     0.00
intensity (  %   )       0.01     0.00     0.75     2.89     5.62     0.00
 
       RAMAN             YES      YES      YES      YES      YES      YES
 
  1   c           x   0.00142 -0.00090  0.02483  0.01204  0.02819 -0.02427
                  y   0.00011  0.00008 -0.00959  0.01243 -0.01867 -0.00527
                  z  -0.00039  0.00092  0.00450 -0.02929  0.02021  0.02242
  2   c           x  -0.00167  0.00009  0.02423  0.01233  0.02782 -0.02447
                  y   0.00029  0.00057 -0.00896  0.01203 -0.01844 -0.00537
                  z   0.00082 -0.00049  0.00424 -0.02893  0.01985  0.02280
  3   h           x   0.13019 -0.36895 -0.12243  0.03664 -0.18925  0.03849
                  y  -0.04032  0.11543  0.01150  0.26644 -0.11178 -0.23725
                  z   0.00717 -0.01997 -0.03186  0.25899 -0.16859 -0.20618
  4   h           x  -0.04028  0.12079 -0.14115 -0.08648 -0.15455  0.15522
                  y   0.07086 -0.20032 -0.15250 -0.26070 -0.08389  0.31251
                  z  -0.10686  0.30890 -0.13448  0.01427 -0.19586  0.06383
  5   h           x  -0.08421  0.24439 -0.02615 -0.09689  0.00981  0.09774
                  y  -0.03061  0.08377  0.25106 -0.15157  0.41698 -0.01202
                  z   0.09873 -0.28386  0.11646  0.07312  0.12579 -0.12844
  6   h           x  -0.09357  0.24281 -0.02653 -0.09636  0.00989  0.09878
                  y  -0.03044  0.08348  0.24955 -0.15084  0.41834 -0.01136
                  z   0.10779 -0.28213  0.11606  0.07301  0.12577 -0.12953
  7   h           x  -0.04876  0.12112 -0.14112 -0.08578 -0.15468  0.15640
                  y   0.07395 -0.19540 -0.15114 -0.26042 -0.08520  0.31243
                  z  -0.11551  0.30295 -0.13485  0.01465 -0.19456  0.06621
  8   h           x   0.13647 -0.36292 -0.12308  0.03686 -0.18826  0.03651
                  y  -0.04231  0.11331  0.01214  0.26549 -0.11208 -0.23764
                  z   0.00969 -0.02287 -0.03195  0.25834 -0.16926 -0.20684
  9   c           x  -0.00102  0.00107 -0.01472  0.03036  0.02050  0.02369
                  y  -0.00059 -0.00040  0.02033 -0.00088 -0.01249  0.00583
                  z   0.00093 -0.00040 -0.03001 -0.01367  0.01240 -0.02270
 10   c           x   0.00114 -0.00024 -0.01528  0.03061  0.02065  0.02342
                  y   0.00010 -0.00021  0.02107 -0.00110 -0.01243  0.00572
                  z  -0.00125 -0.00008 -0.03054 -0.01368  0.01260 -0.02239
 11   h           x   0.36721  0.12956  0.16104 -0.09454 -0.13132 -0.03445
                  y  -0.11208 -0.03981  0.22318  0.17058 -0.06615  0.23332
                  z   0.02137  0.00615  0.26486  0.12810 -0.10676  0.20763
 12   h           x  -0.12655 -0.04200  0.07215 -0.18408 -0.11402 -0.15060
                  y   0.19885  0.07011 -0.07467 -0.30110 -0.07335 -0.30717
                  z  -0.30410 -0.10639  0.15312 -0.12039 -0.13717 -0.06491
 13   h           x  -0.24428 -0.08438 -0.05598 -0.08367  0.00073 -0.09682
                  y  -0.08842 -0.03143 -0.39511  0.14274  0.28764  0.00507
                  z   0.28589  0.09952 -0.05916  0.15558  0.09505  0.12673
 14   h           x  -0.23975 -0.09161 -0.05641 -0.08399  0.00034 -0.09596
                  y  -0.08693 -0.03231 -0.39600  0.14304  0.28562  0.00568
                  z   0.28053  0.10699 -0.05949  0.15594  0.09512  0.12553
 15   h           x  -0.12115 -0.04722  0.07177 -0.18458 -0.11401 -0.14952
                  y   0.20049  0.07519 -0.07443 -0.30215 -0.07172 -0.30736
                  z  -0.30320 -0.11549  0.15335 -0.12052 -0.13869 -0.06250
 16   h           x   0.36611  0.13816  0.16081 -0.09414 -0.13247 -0.03635
                  y  -0.11197 -0.04246  0.22419  0.17077 -0.06536  0.23289
                  z   0.01719  0.00683  0.26520  0.12864 -0.10601  0.20686

reduced mass(g/mol)     1.008    1.008    1.058    1.058    1.058    1.057


       mode              19       20       21       22       23       24

     frequency         999.47   999.53  1224.54  1224.96  1225.33  1226.54

     symmetry            a        a        a        a        a        a   

        IR               YES      YES      YES      YES      YES      YES
|dDIP/dQ|   (a.u.)     0.0000   0.0002   0.0000   0.0000   0.0002   0.0003
intensity (km/mol)       0.00     0.07     0.00     0.00     0.06     0.15
intensity (  %   )       0.00     0.04     0.00     0.00     0.04     0.09
 
       RAMAN             YES      YES      YES      YES      YES      YES
 
  1   c           x  -0.05641 -0.05489  0.08697  0.04993  0.07492 -0.06421
                  y  -0.20081 -0.19544 -0.04055  0.02968 -0.05055 -0.02357
                  z  -0.10808 -0.10522  0.03104 -0.08152  0.05440  0.07735
  2   c           x   0.05640  0.05516 -0.08674 -0.04988 -0.07480  0.06415
                  y   0.20040  0.19564  0.04054 -0.02954  0.05062  0.02358
                  z   0.10792  0.10550 -0.03082  0.08149 -0.05423 -0.07721
  3   h           x  -0.05954 -0.06128 -0.18737  0.01147 -0.19613  0.01618
                  y  -0.21834 -0.21258 -0.02734  0.27767 -0.10556 -0.27772
                  z  -0.12472 -0.12211 -0.06583  0.17930 -0.11687 -0.17229
  4   h           x  -0.06779 -0.06720 -0.12530 -0.05519 -0.11238  0.07697
                  y  -0.22146 -0.21456 -0.13509 -0.28352 -0.05776  0.30886
                  z  -0.11500 -0.11528 -0.20277 -0.01561 -0.20429  0.05012
  5   h           x  -0.05747 -0.05594  0.02477 -0.12364  0.05998  0.11769
                  y  -0.22313 -0.22100  0.29325 -0.09258  0.33073  0.04603
                  z  -0.11557 -0.11315  0.16626  0.10885  0.14044 -0.13255
  6   h           x   0.05733  0.05617 -0.02448  0.12377 -0.05982 -0.11702
                  y   0.22404  0.21864 -0.29665  0.09345 -0.33235 -0.04630
                  z   0.11588  0.11317 -0.16742 -0.10865 -0.14142  0.13177
  7   h           x   0.06919  0.06597  0.12527  0.05296  0.11195 -0.07933
                  y   0.22138  0.21500  0.13552  0.28182  0.05798 -0.30912
                  z   0.11735  0.11283  0.20278  0.01428  0.20315 -0.05288
  8   h           x   0.06182  0.05880  0.18796 -0.01108  0.19508 -0.01386
                  y   0.21909  0.21239  0.02832 -0.27754  0.10584  0.27836
                  z   0.12613  0.12120  0.06726 -0.17842  0.11711  0.17416
  9   c           x  -0.05421  0.05571  0.08956  0.04259 -0.07704  0.06314
                  y  -0.19496  0.20003 -0.04223  0.03644  0.04538  0.02343
                  z  -0.10660  0.10955  0.03251 -0.08867 -0.04297 -0.07492
 10   c           x   0.05422 -0.05544 -0.08982 -0.04261  0.07718 -0.06320
                  y   0.19537 -0.19987  0.04222 -0.03658 -0.04523 -0.02351
                  z   0.10677 -0.10928 -0.03272  0.08874  0.04314  0.07504
 11   h           x  -0.05961  0.05965 -0.19515  0.03036  0.18526 -0.01670
                  y  -0.21309  0.21703 -0.03447  0.29294  0.07376  0.26945
                  z  -0.12456  0.12578 -0.07190  0.19649  0.09365  0.17136
 12   h           x  -0.06657  0.06692 -0.12899 -0.04094  0.11258 -0.07719
                  y  -0.21549  0.22017 -0.13503 -0.28220  0.08275 -0.30297
                  z  -0.11584  0.11730 -0.21044  0.00396  0.19579 -0.05631
 13   h           x  -0.05494  0.05664  0.02611 -0.13112 -0.04348 -0.11271
                  y  -0.21794  0.22346  0.30798 -0.13146 -0.30784 -0.04296
                  z  -0.11461  0.11754  0.17431  0.09582 -0.14848  0.13064
 14   h           x   0.05526 -0.05655 -0.02606  0.13116  0.04348  0.11355
                  y   0.21699 -0.22619 -0.30430  0.13035  0.30640  0.04277
                  z   0.11408 -0.11745 -0.17343 -0.09593  0.14777 -0.13133
 15   h           x   0.06526 -0.06791  0.12895  0.04299 -0.11330  0.07499
                  y   0.21550 -0.21923  0.13466  0.28394 -0.08306  0.30299
                  z   0.11370 -0.11968  0.21058 -0.00324 -0.19719  0.05340
 16   h           x   0.05701 -0.06175  0.19463 -0.03124 -0.18639  0.01885
                  y   0.21240 -0.21734  0.03332 -0.29291 -0.07349 -0.26852
                  z   0.12312 -0.12664  0.07060 -0.19731 -0.09366 -0.16907

reduced mass(g/mol)     3.374    3.372    1.471    1.471    1.469    1.466


       mode              25       26       27       28       29       30

     frequency        1410.99  1412.09  1424.91  1425.21  1506.58  1509.08

     symmetry            a        a        a        a        a        a   

        IR               YES      YES      YES      YES      YES      YES
|dDIP/dQ|   (a.u.)     0.0007   0.0000   0.0007   0.0000   0.0015   0.0000
intensity (km/mol)       0.96     0.00     0.87     0.00     3.84     0.00
intensity (  %   )       0.57     0.00     0.51     0.00     2.28     0.00
 
       RAMAN             YES      YES      YES      YES      YES      YES
 
  1   c           x   0.01693 -0.01482  0.01591 -0.01954  0.01422  0.01537
                  y   0.06128 -0.04906  0.05115 -0.07269 -0.01033  0.00695
                  z   0.03278 -0.02737  0.02871 -0.03824  0.00939 -0.02107
  2   c           x   0.01366 -0.01856 -0.01773  0.01658 -0.00724 -0.00138
                  y   0.04878 -0.06415 -0.06400  0.05892  0.00710  0.00041
                  z   0.02630 -0.03499 -0.03430  0.03168 -0.00441  0.00024
  3   h           x  -0.04040  0.04885 -0.05021  0.03803 -0.29973 -0.22329
                  y  -0.18793  0.15158 -0.13152  0.20378  0.18220 -0.09204
                  z  -0.23923  0.19721 -0.18247  0.26528  0.08117 -0.19791
  4   h           x  -0.18099  0.15235 -0.14392  0.20005 -0.03550  0.21002
                  y  -0.23632  0.18672 -0.16393  0.25986  0.27235  0.04414
                  z  -0.07718  0.07646 -0.07217  0.07698 -0.23600  0.26097
  5   h           x   0.02360 -0.01943  0.02189 -0.02817  0.01601 -0.28776
                  y  -0.29653  0.25696 -0.24013  0.32132 -0.23198 -0.08092
                  z  -0.06797  0.05885 -0.05060  0.07035 -0.06110  0.33590
  6   h           x   0.01897 -0.02554 -0.02604  0.02393 -0.00875  0.11548
                  y  -0.24575  0.31327  0.28842 -0.26251  0.17749  0.03925
                  z  -0.05717  0.07182  0.06379 -0.05702  0.05170 -0.13540
  7   h           x  -0.14871  0.19212  0.17867 -0.16136  0.02298 -0.09124
                  y  -0.19166  0.24495  0.22392 -0.20011 -0.21492 -0.05146
                  z  -0.06720  0.08692  0.07508 -0.06782  0.17362 -0.10778
  8   h           x  -0.03702  0.04842  0.04102 -0.03837  0.22199  0.11057
                  y  -0.15340  0.19533  0.17663 -0.15766 -0.14683  0.05412
                  z  -0.19523  0.25095  0.23299 -0.21024 -0.06866  0.09151
  9   c           x   0.01421  0.01791 -0.01930 -0.01401 -0.00747  0.00092
                  y   0.05120  0.06228 -0.07048 -0.05017  0.00717 -0.00015
                  z   0.02805  0.03448 -0.03843 -0.02743 -0.00431 -0.00041
 10   c           x   0.01725  0.01389  0.01814  0.01709  0.01449 -0.01506
                  y   0.06298  0.04620  0.05999  0.06549 -0.00990 -0.00747
                  z   0.03423  0.02623  0.03385  0.03476  0.00839  0.02164
 11   h           x  -0.03899 -0.04742  0.04561  0.03304  0.22606 -0.10204
                  y  -0.15965 -0.18798  0.19252  0.13263 -0.14262 -0.05979
                  z  -0.20631 -0.24535  0.25810  0.17988 -0.06758 -0.09418
 12   h           x  -0.15543 -0.18572  0.19568  0.13651  0.02189  0.09277
                  y  -0.20176 -0.23857  0.24668  0.17033 -0.21735  0.04343
                  z  -0.07176 -0.08584  0.08403  0.05859  0.16768  0.11493
 13   h           x   0.02144  0.02646 -0.03059 -0.02168 -0.00568 -0.11522
                  y  -0.25764 -0.30383  0.31736  0.22323  0.17763 -0.03422
                  z  -0.06226 -0.07215  0.07300  0.05036  0.04814  0.13776
 14   h           x   0.02568  0.01932  0.02640  0.02658  0.00785  0.28973
                  y  -0.30560 -0.24365 -0.27998 -0.28769 -0.23080  0.07923
                  z  -0.07240 -0.05751 -0.06118 -0.06562 -0.05158 -0.34229
 15   h           x  -0.18540 -0.14328 -0.16758 -0.17900 -0.03082 -0.21456
                  y  -0.24388 -0.17621 -0.19610 -0.23768  0.27147 -0.03632
                  z  -0.08111 -0.07376 -0.08254 -0.06836 -0.22187 -0.27018
 16   h           x  -0.04214 -0.04723 -0.05548 -0.03106 -0.30309  0.21739
                  y  -0.19206 -0.14224 -0.15557 -0.18394  0.17436  0.09772
                  z  -0.24826 -0.18789 -0.21682 -0.24160  0.07660  0.20202

reduced mass(g/mol)     1.200    1.200    1.241    1.240    1.019    1.024


       mode              31       32       33       34       35       36

     frequency        1511.22  1513.71  1514.42  1514.80  1516.20  1516.41

     symmetry            a        a        a        a        a        a   

        IR               YES      YES      YES      YES      YES      YES
|dDIP/dQ|   (a.u.)     0.0001   0.0005   0.0003   0.0031   0.0003   0.0033
intensity (km/mol)       0.01     0.47     0.15    16.97     0.17    19.53
intensity (  %   )       0.01     0.28     0.09    10.08     0.10    11.60
 
       RAMAN             YES      YES      YES      YES      YES      YES
 
  1   c           x  -0.02770 -0.01024 -0.00672 -0.02042  0.02020  0.02436
                  y   0.01773 -0.00333  0.00528 -0.00879  0.00441 -0.01531
                  z  -0.01859  0.01162 -0.00610  0.02678 -0.01875  0.01357
  2   c           x  -0.02227  0.01024  0.01685 -0.01766  0.02763  0.02795
                  y   0.01787  0.00398 -0.00762 -0.01015  0.00683 -0.01579
                  z  -0.01571 -0.01268  0.00786  0.02832 -0.02675  0.01827
  3   h           x   0.33688  0.19242  0.21567  0.18901 -0.13599 -0.25564
                  y  -0.16707  0.06824 -0.13348  0.03397  0.01150  0.11395
                  z  -0.06306  0.15146 -0.05771  0.14056 -0.06637  0.03606
  4   h           x   0.04236 -0.15991  0.02684 -0.16068  0.08362 -0.01866
                  y  -0.26995 -0.05782 -0.20268 -0.02114  0.01456  0.19305
                  z   0.25849 -0.18818  0.16777 -0.18511  0.07543 -0.17549
  5   h           x  -0.02037  0.21745 -0.00965  0.23562 -0.13459  0.00224
                  y   0.21331  0.07450  0.18224  0.08331 -0.06235 -0.14050
                  z   0.03441 -0.25277  0.05279 -0.26921  0.15652  0.00121
  6   h           x  -0.03491 -0.22404 -0.01378  0.22685 -0.29937  0.02569
                  y   0.11950 -0.07253 -0.24786  0.03304 -0.12645 -0.21396
                  z   0.03522  0.26050 -0.02702 -0.26805  0.34630 -0.04052
  7   h           x   0.03942  0.16424 -0.02007 -0.15939  0.20468 -0.05042
                  y  -0.19249  0.05315  0.26488  0.03453  0.06887  0.25459
                  z   0.20367  0.19815 -0.21006 -0.21985  0.21351 -0.26163
  8   h           x   0.22828 -0.19009 -0.32210  0.12222 -0.28928 -0.32640
                  y  -0.12686 -0.07325  0.16550  0.06202 -0.04003  0.16324
                  z  -0.06318 -0.15638  0.05128  0.14488 -0.18242  0.06085
  9   c           x   0.02252  0.01131 -0.01472 -0.02003 -0.02182  0.03189
                  y  -0.01728  0.00330  0.01039 -0.00973 -0.00965 -0.01409
                  z   0.01446 -0.01182 -0.01390  0.02758  0.02890  0.01271
 10   c           x   0.02895 -0.00930  0.00881 -0.01773 -0.01503  0.02823
                  y  -0.01705 -0.00389 -0.00294 -0.01074 -0.00704 -0.01466
                  z   0.01655  0.01202  0.00075  0.02856  0.02025  0.01035
 11   h           x  -0.22272 -0.20565  0.30821  0.17881  0.22646 -0.35967
                  y   0.12198 -0.06357 -0.18256  0.03583  0.06642  0.14363
                  z   0.06309 -0.15081 -0.08744  0.13887  0.18680  0.02812
 12   h           x  -0.03965  0.16109  0.05836 -0.16007 -0.20786 -0.01468
                  y   0.18636  0.06643 -0.28139 -0.00974 -0.02385  0.25332
                  z  -0.19538  0.18297  0.26312 -0.18895 -0.25007 -0.20819
 13   h           x   0.03305 -0.21932 -0.03584  0.23208  0.29236 -0.02576
                  y  -0.11494 -0.08676  0.24602  0.08087  0.09186 -0.22154
                  z  -0.03303  0.25626  0.08606 -0.26818 -0.34303  0.02171
 14   h           x   0.00307  0.21450 -0.02589  0.23412  0.12662 -0.01851
                  y  -0.21887  0.07482 -0.18561  0.04249  0.03672 -0.16055
                  z  -0.01496 -0.25048 -0.01205 -0.27810 -0.14787  0.02310
 15   h           x  -0.03187 -0.15977 -0.00274 -0.16669 -0.08248 -0.00828
                  y   0.27365 -0.05327  0.19365  0.02976  0.02004  0.20662
                  z  -0.24005 -0.19067 -0.12721 -0.22431 -0.10017 -0.17004
 16   h           x  -0.35144  0.18506 -0.22931  0.13188  0.08497 -0.28958
                  y   0.16021  0.06944  0.12042  0.06465  0.00765  0.12129
                  z   0.05417  0.15025  0.03630  0.15187  0.06790  0.03061

reduced mass(g/mol)     1.062    1.020    1.020    1.062    1.056    1.062


       mode              37       38       39       40       41       42

     frequency        3027.21  3027.59  3027.91  3028.19  3074.10  3074.36

     symmetry            a        a        a        a        a        a   

        IR               YES      YES      YES      YES      YES      YES
|dDIP/dQ|   (a.u.)     0.0001   0.0011   0.0006   0.0082   0.0000   0.0005
intensity (km/mol)       0.01     2.21     0.72   120.69     0.00     0.46
intensity (  %   )       0.01     1.31     0.43    71.67     0.00     0.27
 
       RAMAN             YES      YES      YES      YES      YES      YES
 
  1   c           x   0.00856 -0.00713 -0.00044  0.00540  0.02737 -0.02977
                  y   0.02906 -0.02479  0.00006  0.01681  0.01008 -0.00929
                  z   0.01603 -0.01349 -0.00033  0.00964 -0.03299  0.03279
  2   c           x  -0.00024  0.00480 -0.00668  0.00542 -0.02812  0.03193
                  y  -0.00194  0.01891 -0.02832  0.02682 -0.01038  0.01008
                  z  -0.00077  0.00973 -0.01413  0.01257  0.03398 -0.03539
  3   h           x  -0.10189  0.08542  0.00171 -0.06038 -0.08225  0.08176
                  y  -0.27416  0.23053  0.00454 -0.16361 -0.24170  0.24150
                  z   0.27136 -0.22746 -0.00596  0.16355  0.22786 -0.22721
  4   h           x   0.31316 -0.26237 -0.00634  0.18832 -0.26015  0.27451
                  y  -0.13183  0.11104  0.00161 -0.07814  0.11920 -0.12565
                  z  -0.21017  0.17617  0.00333 -0.12506  0.17201 -0.18287
  5   h           x  -0.31183  0.26012  0.01108 -0.19232  0.01427  0.00085
                  y   0.06350 -0.05233 -0.00323  0.04013  0.00166 -0.00436
                  z  -0.24987  0.20863  0.00856 -0.15384 -0.00433  0.01658
  6   h           x   0.00974 -0.18751  0.28181 -0.25744 -0.01533  0.00016
                  y  -0.00058  0.03778 -0.05837  0.05368 -0.00163  0.00449
                  z   0.00819 -0.15042  0.22557 -0.20593  0.00414 -0.01693
  7   h           x  -0.01295  0.19644 -0.30178  0.28734  0.26759 -0.29464
                  y   0.00673 -0.08365  0.12690 -0.12022 -0.12257  0.13476
                  z   0.00980 -0.13249  0.20276 -0.19329 -0.17729  0.19634
  8   h           x   0.00495 -0.06444  0.09873 -0.09446  0.08509 -0.08843
                  y   0.01293 -0.17335  0.26463 -0.25166  0.24876 -0.26021
                  z  -0.01097  0.17025 -0.26200  0.24984 -0.23449  0.24496
  9   c           x   0.00061  0.00461  0.00740  0.00425  0.02996  0.02974
                  y   0.00346  0.01837  0.03226  0.02194  0.01104  0.01035
                  z   0.00160  0.00962  0.01627  0.01036 -0.03541 -0.03404
 10   c           x  -0.00865 -0.00653  0.00119  0.00536 -0.02921 -0.02770
                  y  -0.02983 -0.02319  0.00234  0.01726 -0.01062 -0.00951
                  z  -0.01673 -0.01284  0.00170  0.01004  0.03419  0.03142
 11   h           x  -0.00992 -0.06093 -0.10955 -0.07539 -0.08562 -0.08227
                  y  -0.02734 -0.17074 -0.30561 -0.20896 -0.26195 -0.25194
                  z   0.02474  0.16492  0.29757  0.20410  0.24271  0.23322
 12   h           x   0.02920  0.19154  0.34475  0.23593 -0.28427 -0.27860
                  y  -0.01325 -0.07924 -0.14077 -0.09576  0.12671  0.12415
                  z  -0.02099 -0.13073 -0.23450 -0.16065  0.19100  0.18779
 13   h           x  -0.02535 -0.18385 -0.32246 -0.21129  0.01043  0.00420
                  y   0.00371  0.03690  0.06644  0.04388  0.00287  0.00365
                  z  -0.02047 -0.14557 -0.25478 -0.16683 -0.00892 -0.01273
 14   h           x   0.32202  0.24473 -0.03849 -0.19673 -0.00831 -0.00246
                  y  -0.06527 -0.04902  0.00893  0.04070 -0.00306 -0.00366
                  z   0.25509  0.19405 -0.03011 -0.15559  0.00990  0.01300
 15   h           x  -0.32233 -0.24631  0.03324  0.19304  0.27589  0.25871
                  y   0.13204  0.10143 -0.01239 -0.07811 -0.12312 -0.11549
                  z   0.21867  0.16719 -0.02144 -0.12979 -0.18479 -0.17409
 16   h           x   0.10185  0.07778 -0.01008 -0.05995  0.08263  0.07612
                  y   0.28465  0.21799 -0.02822 -0.16888  0.25359  0.23331
                  z  -0.27695 -0.21149  0.02919  0.16570 -0.23502 -0.21587

reduced mass(g/mol)     1.035    1.036    1.035    1.034    1.100    1.101


       mode              43       44       45       46       47       48

     frequency        3074.98  3075.91  3099.53  3099.97  3100.88  3102.46

     symmetry            a        a        a        a        a        a   

        IR               YES      YES      YES      YES      YES      YES
|dDIP/dQ|   (a.u.)     0.0000   0.0011   0.0002   0.0097   0.0086   0.0001
intensity (km/mol)       0.00     2.06     0.07   168.40   131.29     0.01
intensity (  %   )       0.00     1.22     0.04   100.00    77.96     0.00
 
       RAMAN             YES      YES      YES      YES      YES      YES
 
  1   c           x   0.03419 -0.03569 -0.03105  0.03080 -0.03097 -0.03237
                  y  -0.02196  0.02387 -0.00940 -0.02051 -0.01044  0.02164
                  z   0.02267 -0.02442  0.03367  0.02231  0.03553 -0.02266
  2   c           x  -0.03234  0.03169 -0.03028  0.03508 -0.02886 -0.03485
                  y   0.01981 -0.01966 -0.00911 -0.02265 -0.00960  0.02237
                  z  -0.02169  0.02230  0.03273  0.02531  0.03288 -0.02442
  3   h           x   0.06396 -0.07066  0.08392  0.05850  0.08929 -0.06296
                  y   0.14063 -0.15745  0.24656  0.13652  0.25897 -0.14327
                  z  -0.13563  0.15236 -0.23014 -0.12975 -0.24165  0.13674
  4   h           x  -0.15748  0.16749  0.28131 -0.13314  0.28459  0.14648
                  y   0.06664 -0.07028 -0.13009  0.05775 -0.13177 -0.06293
                  z   0.11993 -0.12732 -0.18897  0.10051 -0.19163 -0.11159
  5   h           x  -0.31660  0.33158  0.00470 -0.29225 -0.00490  0.30196
                  y   0.05626 -0.05871 -0.00452  0.04961 -0.00277 -0.05198
                  z  -0.25626  0.26809  0.01802 -0.23669  0.00987  0.24448
  6   h           x   0.30602 -0.30628  0.00554 -0.33658 -0.00372  0.32932
                  y  -0.05545  0.05466 -0.00434  0.05880 -0.00289 -0.05661
                  z   0.24741 -0.24751  0.01742 -0.27224  0.01048  0.26679
  7   h           x   0.13966 -0.13216  0.27297 -0.14689  0.26504  0.15041
                  y  -0.05889  0.05535 -0.12607  0.06310 -0.12264 -0.06493
                  z  -0.10729  0.10171 -0.18430  0.11222 -0.17835 -0.11404
  8   h           x  -0.05741  0.05766  0.08217  0.06529  0.08266 -0.06369
                  y  -0.12432  0.12634  0.23891  0.14852  0.23989 -0.14554
                  z   0.11998 -0.12212 -0.22300 -0.14157 -0.22392  0.13866
  9   c           x   0.03393  0.03040  0.02936  0.03667 -0.02883  0.03427
                  y  -0.02023 -0.01930  0.01028 -0.02262 -0.00966 -0.02215
                  z   0.02157  0.02206 -0.03375  0.02429  0.03229  0.02409
 10   c           x  -0.03592 -0.03441  0.03013  0.03231 -0.03087  0.03183
                  y   0.02248  0.02329  0.01066 -0.02045 -0.01057 -0.02156
                  z  -0.02262 -0.02382 -0.03474  0.02131  0.03498  0.02261
 11   h           x   0.05664  0.05639 -0.08199  0.06208  0.07841  0.06215
                  y   0.12616  0.12941 -0.24745  0.14478  0.23788  0.14787
                  z  -0.11976 -0.12285  0.22716 -0.13581 -0.21828 -0.13845
 12   h           x  -0.14732 -0.12279 -0.27119 -0.15676  0.26444 -0.14531
                  y   0.06040  0.04965  0.12211  0.06564 -0.11912  0.06082
                  z   0.11406  0.09610  0.18500  0.12036 -0.18033  0.11164
 13   h           x  -0.31663 -0.29887  0.00350 -0.34237  0.00068 -0.32594
                  y   0.05710  0.05291  0.00288  0.05958 -0.00372  0.05566
                  z  -0.25303 -0.23822 -0.01016 -0.27390  0.01383 -0.26070
 14   h           x   0.32816  0.32267  0.00455 -0.29741 -0.00113 -0.30005
                  y  -0.05818 -0.05687  0.00309  0.05046 -0.00349  0.05144
                  z   0.26293  0.25780 -0.01060 -0.23868  0.01273 -0.24010
 15   h           x   0.16614  0.15866 -0.27926 -0.14295  0.28371 -0.14117
                  y  -0.06841 -0.06450  0.12603  0.06051 -0.12799  0.05879
                  z  -0.12742 -0.12216  0.18930  0.10835 -0.19327  0.10895
 16   h           x  -0.06345 -0.06819 -0.08420  0.05546  0.08524  0.06214
                  y  -0.14318 -0.15816 -0.25610  0.13219  0.25753  0.14708
                  z   0.13587  0.15038  0.23517 -0.12368 -0.23625 -0.13791

reduced mass(g/mol)     1.100    1.100    1.103    1.103    1.103    1.102
 

         **************************************************************
         *                                                            *
         *  zero point VIBRATIONAL energy  :      0.1493587  Hartree  *
         *    SCF-energy                   :   -159.7407158           *
         *    SCF + E(vib0)                :   -159.5913571           *
         *                                                            *
         **************************************************************




 time elapsed for vibrational analysis     0.01 sec


    ------------------------------------------------------------------------
         total  cpu-time : 17 minutes and 17 seconds
         total wall-time : 17 minutes and 17 seconds
    ------------------------------------------------------------------------

   ****  force : all done  ****


    2020-06-19 04:09:43.330 

aoforce ended normally 
