
 ridft (newyork) : TURBOMOLE rev. V7.4.1 (b987a8a8) compiled 15 Oct 2019 at 12:03:25
 Copyright (C) 2019 TURBOMOLE GmbH, Karlsruhe


    2020-07-10 12:18:12.006 



                                  r i d f t

                        DFT program with RI approximation 
                                for coulomb part 




                                                 
                                 References:     
                                                 
          TURBOMOLE:                             
              R. Ahlrichs, M. Baer, M. Haeser, H. Horn, and
              C. Koelmel
              Electronic structure calculations on workstation
              computers: the program system TURBOMOLE
              Chem. Phys. Lett. 162: 165 (1989)
          Density Functional:                              
              O. Treutler and R. Ahlrichs                      
              Efficient Molecular Numerical Integration Schemes
              J. Chem. Phys. 102: 346 (1995)                   
          Parallel Version:                                
              Performance of parallel TURBOMOLE for Density    
              Functional Calculations                          
              M. v. Arnim and R. Ahlrichs                      
              J. Comp. Chem. 19: 1746 (1998)                   
          RI-J Method:                                     
              Auxiliary Basis Sets to approximate Coulomb      
              Potentials                                       
              Chem. Phys. Lett. 240: 283 (1995)                
              K. Eichkorn, O. Treutler, H. Oehm, M. Haeser     
              and R. Ahlrichs                                  
              Chem. Phys. Lett. 242: 652 (1995)                
                                                           
              Auxiliary Basis Sets for Main Row Atoms and their
              Use to approximate Coulomb Potentials            
              K. Eichkorn, F. Weigend, O. Treutler and         
              R. Ahlrichs                                      
              Theo. Chem. Acc. 97: 119 (1997)                   
                                                           
              Accurate Coulomb-fitting basis sets for H to Rn 
              F. Weigend                                        
              Phys. Chem. Chem. Phys. 8: 1057 (2006)            
                                                           
          Multipole accelerated RI-J (MARI-J):             
              Fast evaluation of the Coulomb potential for     
              electron densities using multipole accelerated   
              resolution of identity approximation             
              M. Sierka, A. Hogekamp and R. Ahlrichs           
              J. Chem. Phys. 118: 9136 (2003)                  
          RI-JK Method:                                     
              A fully direct RI-HF algorithm: Implementation,
              optimised auxiliary basis sets, demonstration of
              accuracy and efficiency                         
              F. Weigend                                      
              Phys. Chem. Chem. Phys. 4: 4285 (2002)           
          Two-component HF and DFT with spin-orbit coupling:  
              Self-consistent treatment of spin-orbit         
              interactions with efficient Hartree-Fock and    
              density functional methods                      
              M. K. Armbruster, F. Weigend, C. van Wüllen and 
              W. Klopper                                      
              Phys. Chem. Chem. Phys. 10: 1748 (2008)         
          Two-component difference density and DIIS algorithm 
              Efficient two-component self-consistent field   
              procedures and gradients: implementation in     
              TURBOMOLE and application to Au20-              
              A. Baldes, F. Weigend                           
              Mol. Phys. 111: 2617 (2013)                     
          Relativistic all-electron 2c calculations           
              An efficient implementation of two-component    
              relativistic exact-decoupling methods for large 
              molecules                                       
              D. Peng, N. Middendorf, F. Weigend, M. Reiher   
              J. Chem. Phys. 138: 184105 (2013)               
          Finite nucleus model and SNSO approximation         
              Efficient implementation of one- and two-       
              component analytical energy gradients in exact  
              two-component theory                            
              Y. J. Franzke, N. Middendorf, F. Weigend        
              J. Chem. Phys. 148: 104110 (2018)               
                                         




              +--------------------------------------------------+
              |      general information about current run       |
              +--------------------------------------------------+

 
 PBE functional
 exchange:    LDA + PBE
 correlation: LDA (PW) + PBE
 A DFT calculation using the RI-J approximation will be carried out.
 Allocatable memory for RI due to $ricore (MB):                   500


              +--------------------------------------------------+
              | Atomic coordinate, charge and isotop information |
              +--------------------------------------------------+

                    atomic coordinates            atom    charge  isotop
         -0.20733908    0.35447390    0.28029222    o      8.000     0
         -0.91529861   -1.00275921   -0.71166273    h      1.000     0
          1.59808247    0.09757374    0.23083326    h      1.000     0
         -1.66750556    0.08980619    5.54435130    o      8.000     0
         -1.27144941    0.19909612    3.75059245    h      1.000     0
         -2.42390740    1.69577125    5.95019457    h      1.000     0
 
       center of nuclear mass  :   -0.91680125    0.22496896    2.84436048
       center of nuclear charge:   -0.90056650    0.22719613    2.79085529

              +--------------------------------------------------+
              |               basis set information              |
              +--------------------------------------------------+

              we will work with the 1s 3p 5d 7f 9g ... basis set
              ...i.e. with spherical basis functions...

   type   atoms  prim   cont   basis
   ---------------------------------------------------------------------------
    o        2     50     30   cc-pVTZ   [4s3p2d1f|18s5p2d1f]
    h        4     16     14   cc-pVTZ   [3s2p1d|5s2p1d]
   ---------------------------------------------------------------------------
   total:    6    164    116
   ---------------------------------------------------------------------------

   total number of primitive shells          :   34
   total number of contracted shells         :   44
   total number of cartesian basis functions :  130
   total number of SCF-basis functions       :  116


 integral neglect threshold       :  0.26E-10
 integral storage threshold THIZE :  0.10E-04
 integral storage threshold THIME :         5

 RI-J AUXILIARY BASIS SET information:

              we will work with the 1s 3p 5d 7f 9g ... basis set
              ...i.e. with spherical basis functions...

   type   atoms  prim   cont   basis
   ---------------------------------------------------------------------------
    o        2     70     49   cc-pVTZ   [6s4p3d1f1g|12s5p4d2f1g]
    h        4     16     11   cc-pVTZ   [3s1p1d|5s2p1d]
   ---------------------------------------------------------------------------
   total:    6    204    142
   ---------------------------------------------------------------------------

   total number of primitive shells          :   32
   total number of contracted shells         :   50
   total number of cartesian basis functions :  170
   total number of SCF-basis functions       :  142


 symmetry group of the molecule :   c1 

 the group has the following generators :
   c1(z)

    1 symmetry operations found

 there are 1 real representations :   a   

 maximum number of shells which are related by symmetry :  1


    mo occupation :
   irrep   mo's   occupied
    a      116       10
 
 number of basis functions   :                    116
 number of occupied orbitals :                     10
 
  
           ------------------
           density functional
           ------------------
 PBE functional
 exchange:    LDA + PBE
 correlation: LDA (PW) + PBE

 spherical integration : Lebedev's spherical grid
 spherical gridsize    :                     4
    i.e. gridpoints    :                   434
 value for diffuse not defined
 radial integration    : Chebyshev 2nd kind (scaling 3)
 radial gridsize       :                     6
 integration cells     :                     6
 partition function    : becke
 partition sharpness   :                     3
  

 biggest AO integral is expected to be     4.866064444
  
           ------------------------
               RI-J - INFORMATION
           ------------------------
 Contributions to RI integral batches: 
  neglected integral batches:                    47
  direct contribution:                            0
  memory contribution:                   943
 Memory core needed for (P|Q) and Cholesky      1 MByte
 Memory core minimum needed except of (P|Q)     1 MByte
 Total minimum memory core needed (sum)         1 MByte
  
 ****************************************
 Memory allocated for RI-J    11 MByte
 ****************************************
                                            

          ------------------------
          nuclear repulsion energy  :   36.6335286289    
          ------------------------


         -----------------
         -S,T+V- integrals
         -----------------

 1e-integrals will be neglected if expon. factor < 0.257074E-11
 
   Difference densities algorithm switched on.
   The maximal number of linear combinations of
   difference densities is                    20 .

 DIIS switched on: error vector is FDS-SDF
 Max. Iterations for DIIS is     :   4
 DIIS matrix (see manual) 
    Scaling factor of diagonals  :  1.200
    threshold for scaling factor :  0.000

 scf convergence criterion : increment of total energy < .1000000D-06
                  and increment of one-electron energy < .1000000D-03

  MOs are in ASCII format !


 automatic virtual orbital shift switched on 
      shift if e(lumo)-e(homo) < 0.10000000    


 reading orbital data $scfmo  from file mos
 orbital characterization : expanded
 mo provided and orthogonalized by Cholesky decomposition

 DSCF restart information will be dumped onto file mos


 Starting SCF iterations

          Overall gridpoints after grid construction =         56202

 ITERATION  ENERGY          1e-ENERGY        2e-ENERGY     NORM[dD(SAO)]  TOL
   1  -152.28807839573    -285.37789264     96.456285618    0.000D+00 0.256D-10
                            Exc = -18.8568634112     Coul =  115.313149029    
                              N = 20.000000136    
                            current damping = 0.300
 
          max. resid. norm for Fia-block=  3.061D-01 for orbital      2a         
          max. resid. fock norm         =  4.609D+00 for orbital    115a         

 ITERATION  ENERGY          1e-ENERGY        2e-ENERGY     NORM[dD(SAO)]  TOL
   2  -152.70706554041    -281.14503779     91.804443622    0.554D+00 0.172D-10
                            Exc = -18.2559657215     Coul =  110.060409344    
                              N = 20.000000031    
                            current damping = 0.250
 
          Norm of current diis error:  1.0200    
          max. resid. norm for Fia-block=  1.008D-01 for orbital      4a         
          max. resid. fock norm         =  1.670D-01 for orbital     72a         

 ITERATION  ENERGY          1e-ENERGY        2e-ENERGY     NORM[dD(SAO)]  TOL
   3  -152.74762472893    -283.67808231     94.296928951    0.278D+00 0.145D-10
                            Exc = -18.6275518487     Coul =  112.924480800    
                              N = 20.000000056    
                            current damping = 0.200
 
          Norm of current diis error: 0.45635    
          max. resid. norm for Fia-block=  2.827D-02 for orbital     10a         
          max. resid. fock norm         =  2.975D-02 for orbital     19a         

 ITERATION  ENERGY          1e-ENERGY        2e-ENERGY     NORM[dD(SAO)]  TOL
   4  -152.75649159529    -282.51379344     93.123773217    0.930D-01 0.127D-10
                            Exc = -18.4708334465     Coul =  111.594606663    
                              N = 20.000000012    
                            current damping = 0.250
 
          Norm of current diis error: 0.13255    
          max. resid. norm for Fia-block=  6.103D-03 for orbital      4a         
          max. resid. fock norm         =  6.827D-03 for orbital     62a         

 ITERATION  ENERGY          1e-ENERGY        2e-ENERGY     NORM[dD(SAO)]  TOL
   5  -152.75708687970    -282.70945753     93.318842020    0.894D-02 0.120D-10
                            Exc = -18.4969519218     Coul =  111.815793942    
                              N = 20.000000014    
                            current damping = 0.300
 
          Norm of current diis error: 0.23759E-01
          max. resid. norm for Fia-block=  1.294D-03 for orbital      6a         
          max. resid. fock norm         =  1.806D-03 for orbital     72a         
          mo-orthogonalization: Cholesky decomposition

 ITERATION  ENERGY          1e-ENERGY        2e-ENERGY     NORM[dD(SAO)]  TOL
   6  -152.75710817160    -282.74964858     93.359011777    0.121D-02 0.113D-10
                            Exc = -18.5024778704     Coul =  111.861489647    
                              N = 20.000000014    
                            current damping = 0.150
 
          Norm of current diis error: 0.38298E-02
          max. resid. norm for Fia-block=  3.529D-04 for orbital      5a         
          max. resid. fock norm         =  4.135D-04 for orbital     60a         

 ITERATION  ENERGY          1e-ENERGY        2e-ENERGY     NORM[dD(SAO)]  TOL
   7  -152.75710820944    -282.75488624     93.364249405    0.791D-03 0.113D-10
                            Exc = -18.5032276208     Coul =  111.867477026    
                              N = 20.000000014    
                            current damping = 0.100
 
          Norm of current diis error: 0.37311E-02
          max. resid. norm for Fia-block=  1.518D-04 for orbital      9a         
          max. resid. fock norm         =  2.707D-04 for orbital     95a         

 ITERATION  ENERGY          1e-ENERGY        2e-ENERGY     NORM[dD(SAO)]  TOL
   8  -152.75710874925    -282.75428243     93.363645052    0.246D-03 0.110D-10
                            Exc = -18.5031766880     Coul =  111.866821740    
                              N = 20.000000014    
                            current damping = 0.150
 
          Norm of current diis error: 0.58476E-03
          max. resid. norm for Fia-block=  3.497D-05 for orbital      5a         
          max. resid. fock norm         =  4.572D-05 for orbital      7a         

 ENERGY CONVERGED !


 ITERATION  ENERGY          1e-ENERGY        2e-ENERGY     NORM[dD(SAO)]  TOL
   9  -152.75710876206    -282.75462783     93.363990438    0.237D-04 0.109D-10
                            Exc = -18.5032082050     Coul =  111.867198643    
                              N = 20.000000014    
                            current damping = 0.200
 
          Norm of current diis error: 0.10650E-03
          max. resid. norm for Fia-block=  6.099D-06 for orbital      7a         
          max. resid. fock norm         =  8.072D-06 for orbital      7a         

 End of SCF iterations

   convergence criteria satisfied after     9 iterations


                  ------------------------------------------ 
                 |  total energy      =   -152.75710876206  |
                  ------------------------------------------ 
                 :  kinetic energy    =    151.98240342466  :
                 :  potential energy  =   -304.73951218672  :
                 :  virial theorem    =      1.99492851532  :
                 :  wavefunction norm =      1.00000000000  :
                  .......................................... 


 <geterg> : there is no data group $energy 


 <skperg> : $end is missing 


 orbitals $scfmo  will be written to file mos

    irrep                  6a          7a          8a          9a         10a   
 eigenvalues H         -0.44113    -0.36254    -0.29932    -0.27741    -0.21899
            eV         -12.0037     -9.8654     -8.1449     -7.5489     -5.9592
 occupation              2.0000      2.0000      2.0000      2.0000      2.0000

    irrep                 11a         12a         13a         14a         15a   
 eigenvalues H         -0.01395     0.05152     0.06317     0.16944     0.30463
            eV          -0.3795      1.4020      1.7188      4.6109      8.2894
 
 
 
 
 ==============================================================================
                           electrostatic moments
 ==============================================================================

 reference point for electrostatic moments:    0.00000   0.00000   0.00000

 
              nuc           elec       ->  total
 ------------------------------------------------------------------------------
                          charge      
 ------------------------------------------------------------------------------
          20.000000     -20.000000      -0.000000
 
 ------------------------------------------------------------------------------
                       dipole moment  
 ------------------------------------------------------------------------------
   x     -18.011330      18.342258       0.330928
   y       4.543923      -4.516511       0.027412
   z      55.817106     -56.894243      -1.077138
 
   | dipole moment | =     1.1272 a.u. =     2.8650 debye 
 
 ------------------------------------------------------------------------------
                     quadrupole moment
 ------------------------------------------------------------------------------
  xx      33.472064     -41.963476      -8.491412
  yy       5.000061     -14.026587      -9.026525
  zz     296.578668    -312.188923     -15.610255
  xy      -5.075767       4.087894      -0.987873
  xz     -92.597952      93.161415       0.563463
  yz      16.351234     -12.547152       3.804082
 
     1/3  trace=     -11.042731
     anisotropy=       9.718444
 
 ==============================================================================
 
HOMO-LUMO Separation
 HOMO         :   -0.21899314 H =     -5.95911 eV
 LUMO         :   -0.01394580 H =     -0.37948 eV
 HOMO-LUMO gap:    0.20504734 H =     +5.57963 eV
 
 ==============================================================================


    ------------------------------------------------------------------------
         total  cpu-time :   1.76 seconds
         total wall-time :   1.77 seconds
    ------------------------------------------------------------------------

   ****  ridft : all done  ****


    2020-07-10 12:18:13.765 

