
 force (newyork) : TURBOMOLE rev. V7.4.1 (b987a8a8) compiled 15 Oct 2019 at 12:03:25
 Copyright (C) 2019 TURBOMOLE GmbH, Karlsruhe


    2020-06-18 14:11:44.893 



                             T U R B O M O L E   

                          a o f o r c e - program

                        using direct algorithms for

                       SCF level calculations of
                         * harmonic force constants
                         * hyperpolarizabilities
                         * IR and RAMAN intensities
                         * VCD intensities

                       DFT level calculations of
                         * harmonic force constants
                         * IR intensities
                                                   
       Stephan Boecker, Peter Deglmann, Filipp Furche and Marco Haeser
                          Quantum Chemistry Group
                          Universitaet  Karlsruhe
                                   Germany

 
 
 
 
     References :
 
       RI-J implementation:
         Peter Deglmann, Klaus May, Filipp Furche, Reinhart Ahlrichs
                 Chem. Phys. Lett. 384:103 (2004)
 
       Efficiency, technical details:
         Peter Deglmann, Filipp Furche, Reinhart Ahlrichs
                 Chem. Phys. Lett. 362:511 (2002)
 
       Search of lowest eigenvalues by iterative diagonalization:
         Peter Deglmann, Filipp Furche
                 J. Chem. Phys. 117:9535 (2002)
 
       Vibrational circular dichroism implementation:
        Kevin Reiter, Michael Kuehn, Florian Weigend
                 J. Chem. Phys. 146:054102 (2017)  
 
 


              +--------------------------------------------------+
              | Atomic coordinate, charge and isotop information |
              +--------------------------------------------------+

                    atomic coordinates            atom    charge  isotop
          0.00000000    0.00000000    0.74248153    o      8.000     0
         -1.44326031    0.00000000   -0.37124076    h      1.000     0
          1.44326031    0.00000000   -0.37124076    h      1.000     0
 
       center of nuclear mass  :    0.00000000    0.00000000    0.61785455
       center of nuclear charge:    0.00000000    0.00000000    0.51973707

              +--------------------------------------------------+
              |               basis set information              |
              +--------------------------------------------------+

              we will work with the 1s 3p 5d 7f 9g ... basis set
              ...i.e. with spherical basis functions...

   type   atoms  prim   cont   basis
   ---------------------------------------------------------------------------
    o        1     46     31   def2-TZVP   [5s3p2d1f|11s6p2d1f]
    h        2      8      6   def2-TZVP   [3s1p|5s1p]
   ---------------------------------------------------------------------------
   total:    3     62     43
   ---------------------------------------------------------------------------

   total number of primitive shells          :   26
   total number of contracted shells         :   19
   total number of cartesian basis functions :   48
   total number of SCF-basis functions       :   43

 
             FOUND RI-J FLAG !
 

 NOTE: THIS IS A PRELIMINARY IMPLEMENTATION. THE RI APPROXIMATION IS
       PRESENTLY USED FOR CPKS CONTRIBUTIONS TO THE HESSIAN ONLY! SEE
       MANUAL FOR FURTHER DETAILS.

  
 AUXILIARY BASIS SET information:

              we will work with the 1s 3p 5d 7f 9g ... basis set
              ...i.e. with spherical basis functions...

   type   atoms  prim   cont   basis
   ---------------------------------------------------------------------------
    o        1     70     49   def2-TZVP   [6s4p3d1f1g|12s5p4d2f1g]
    h        2     16     11   def2-TZVP   [3s1p1d|5s2p1d]
   ---------------------------------------------------------------------------
   total:    3    102     71
   ---------------------------------------------------------------------------

   total number of primitive shells          :   32
   total number of contracted shells         :   25
   total number of cartesian basis functions :   85
   total number of SCF-basis functions       :   71


 symmetry group of the molecule :   c2v

 the group has the following generators :
   c2(z)
   mirror plane sigma(xz)

    4 symmetry operations found

 there are 4 real representations :   a1   a2   b1   b2  

 maximum number of shells which are related by symmetry :  2


 determining totally symmetric integral contributions 
    - equivalent to irreducible tensor elements - 
 which can be formed within each triple of representations :

             representation triple      contributions

              a1    a1    a1              1
              a1    a2    a2              1
              a1    b1    b1              1
              a1    b2    b2              1
              a2    a1    a2              1
              a2    a2    a1              1
              a2    b1    b2              1
              a2    b2    b1              1
              b1    a1    b1              1
              b1    a2    b2              1
              b1    b1    a1              1
              b1    b2    a2              1
              b2    a1    b2              1
              b2    a2    b1              1
              b2    b1    a2              1
              b2    b2    a1              1

    mo occupation :
   irrep   mo's   occupied
    a1      19        3
    a2       4        0
    b1      12        1
    b2       8        1
 
 number of basis functions   :                     43
 number of occupied orbitals :                      5
 
  MOs are in ASCII format !


 reading orbital data $scfmo  from file mos
 orbital characterization : scfconv=7
 time elapsed for calculating density matrices :   0.000 sec

 number of non-frozen orbitals          :    43
 number of non-frozen occupied orbitals :     5
 Blocking parameters 
 shells:
    index      start shell   last shell  start bf    last bf    #bf 
       1             1          19             1         48     48
          size of I/O Block in Byte:                 165888
  
           ----------------------
               RI - INFORMATION
           ----------------------

 biggest AO integral is expected to be     7.998976882

 Threshold for integral neglect (rithr2):   0.26E-10
 Threshold for integral neglect (rithr1):   0.26E-10

 Contributions to RI integral batches: 
  neglected integral batches:                    60
  direct contribution:                            0
  memory contribution:                   130
 Core memory available (ricore):               500 MiB
 Core memory needed for (P|Q) and Cholesky:      1 MiB
 Core memory used for integrals:                 1 MiB
 
 ****************************************
 Memory allocated for RIDFT: 1 MiB
 ****************************************
 
  
           ------------------
           density functional
           ------------------
 TPSS global hybrid functional
 exchange:    9/10 (LDA+TPSS) + 1/10 HF
 correlation: LDA (PW) + TPSS

 iterations will be done with small grid
  
 spherical integration : Lebedev's spherical grid
 spherical gridsize    :                     3
    i.e. gridpoints    :                   302
 value for diffuse not defined
 radial integration    : Chebyshev 2nd kind (scaling 3)
 radial gridsize       :                     3
 integration cells     :                     2
 partition function    : becke
 partition sharpness   :                     3
  
 
 Derivatives of quadrature weights will be included
 
 preparing DFT   numerical integration ....
          Overall gridpoints after grid construction =          3891
 Ordering of quadrature gridpoints disabled.
 
 
 
 
 OCCUPIED-OCCUPIED TENSOR SPACES :

          IRREP   tensor space dimension   number of roots

           a1               11                   2
           b1                6                   1
 
 OCCUPIED-VIRTUAL TENSOR SPACES :

          IRREP   tensor space dimension   number of roots

           a1               66                   2
           b1               53                   1
 
 
 
 
 CONSTRUCTING integral bounds

 setting up bound for integral derivative estimation

 increment for numerical differentiation : 0.00050000
 
 machine precision:   2.220446049250313E-016

 integral neglect threshold       :  0.10E-09
 integral storage threshold THIZE :  0.10E-04
 integral storage threshold THIME :         5

 
 
 
 PREPARING NUMERICAL INTEGRATION
 
 Remaining core memory for DFT =                   500 MB
 
 Memory needed per atom    =                    27 KiB
 
     i. e.                     3 atoms per loop

 Calculating ground state density on molecular grid

 Integral of ground state density: N =   9.999999269263931    


 
 
 CONSTRUCTING first deriv. of <mu|x,y,z|nu> -> Dip. deriv.
  dipole integral derivatives will be neglected if
  expon. factor <0.104167E-10
      ...terminated. cpu:       0.00       wall:       0.00
 
 
 
 
 CONSTRUCTING first deriv. of  <mu|nu>
                               <mu|h|nu>    -> RHS
              second deriv. of <mu|nu>      -> Hessian
                               <mu|h|nu>    -> Hessian
                               nucl. rep.   -> Hessian
     integrals are neglected if expon. factor <  1.000000000000000E-012
  _________________________________
 |                                 |
 |         DFTD3 V3.1 Rev 0        |
 | S.Grimme, University Bonn       |
 |            June  2014           |
 |   see standalone version        |
 |       dftd3 -h for options      |
 |_________________________________|
 
 Please cite DFT-D3 work done with this code as:
 S. Grimme, J. Antony, S. Ehrlich and H. Krieg,
 J. Chem. Phys, 132 (2010), 154104.
 If used with BJ-damping cite also
 S. Grimme, S. Ehrlich and L. Goerigk,
 J. Comput. Chem. 32 (2011), 1456-1465
 For DFT-D2 the reference is
 S. Grimme, J. Comput. Chem., 27 (2006), 1787-1799
 
C6 coefficients used:
                     2  C6 for element                      1
Z=  1 CN= 0.912     C6(AA)=    3.03
Z=  1 CN= 0.000     C6(AA)=    7.59
                     3  C6 for element                      8
Z=  8 CN= 0.000     C6(AA)=   15.51
Z=  8 CN= 0.993     C6(AA)=   12.82
Z=  8 CN= 1.989     C6(AA)=   10.37

#           XYZ [au]              R0(AA) [Ang.]  CN          C6(AA)     C8(AA)   C10(AA) [au]
  1  -0.02000   0.00000   0.74248   o   0.538  1.987        10.4       210.1      5195.1
  2  -1.44326   0.00000  -0.37124   h   0.417  0.995         3.1        37.4       553.6
  3   1.44326   0.00000  -0.37124   h   0.417  0.993         3.1        37.4       553.8

molecular C6(AA) [au] =        44.54

           DFT-D V3(BJ)
 DF tpssh                                             
 parameters
 s6       :    1.0000
 s8       :    2.2382
 a1       :    0.4529
 a2       :    4.6550
 k1-k3    :   16.0000    1.3333   -4.0000
 
 Edisp /kcal,au:    -0.2313 -0.00036860

 E6    /kcal :    -0.1281
 E8    /kcal :    -0.1032
 % E8        : 44.64
 
 doing analytical gradient O(N^2) ...
 
 |G|=  4.659261853220404E-006
      ...terminated. cpu:       0.03       wall:       0.03
 
 
 
 
 CONSTRUCTING second deriv. of 2e energy    -> Hessian
   treating Coulomb (and exchange) contribution
     integrals will be neglected if total contribution <  1.041666666666667E-008
      ...terminated. cpu:       0.06       wall:       0.06
   treating exchange-correlation contribution
      ...terminated. cpu:       0.09       wall:       0.09
 
 
 
 
 CONSTRUCTING S(i,j)xi
      ...terminated. cpu:       0.00       wall:       0.00
 
 
 
 
 CONSTRUCTING <i|x,y,z|j>*S(i,j)xi          -> Dip. deriv.
      ...terminated. cpu:       0.00       wall:       0.00
 
 
 
 
 CONSTRUCTING epsilon(i)*S(i,j)xi*S(i,j)chi -> Hessian
      ...terminated. cpu:       0.00       wall:       0.00
 
 
 
 
 CONSTRUCTING G(a,i)[S(k,l)xi]              -> RHS
              G(i,j)[S(k,l)xi]*S(i,j)chi    -> Hessian
 
         Maximum core memory set to                    500 MB
         This corresponds to                 25883 vectors in CAO basis
      ...terminated. cpu:       0.04       wall:       0.04
 
 
 
 
 CONSTRUCTING G(mu,nu)[D(kap,lam)]xi
 
          Maximum core memory set to                    500 MB
          Atoms treated simultaneously :                     3
 max of dfo   2.73431606423955     
      ...terminated. cpu:       0.08       wall:       0.08
 
 
 
 
 CONSTRUCTING F(a,i)xi                      -> RHS
              F(i,j)xi*S(i,j)chi            -> Hessian
 
        Maximum core memory set to                   500 MB
        This corresponds to                 52766 vectors in CAO basis
      ...terminated. cpu:       0.00       wall:       0.00
 
 
 
 
 CONSTRUCTING epsilon(i)*S(a,i)xi           -> RHS
      ...terminated. cpu:       0.00       wall:       0.00
 
 
 
 
 SOLVING CPHF equations
 
 Residuum convergence criterium   :  1.000000000000000E-005
 
 Maximum number of Davidson iterations set to                    25
  Switching to small grid
        preparing DFT   numerical integration ....
          Overall gridpoints after grid construction =          1099

 Calculating ground state density on molecular grid

 Integral of ground state density: N =   9.999924195452454    




                       Nonorthonormal Krylov Space Iteration


 total number of roots to be determined: 3


 maximum core memory set to   500 MB,
 corresponding to    25042 vectors in CAO basis


 maximum number of simultaneously treated vectors (including degeneracy):        3


 Iteration IRREP Converged      Max. Euclidean
                 roots          residual norm

    1       a1       0        1.141578246408246D-01
            b1       0        5.619212303804796D-02
 
    2       a1       0        1.143235090586585D-02
            b1       0        9.656133067710944D-03
 
    3       a1       0        5.860553809752085D-04
            b1       0        5.044583291190549D-04
 
    4       a1       0        3.078520127704086D-05
            b1       0        2.663806268124550D-05
 
    5       a1       2        1.735027488317855D-06
            b1       1        2.340099141571876D-06
 

 converged!

  Switching to fine grid
        preparing numerical DFT   integration ....
          Overall gridpoints after grid construction =          3891

 Calculating ground state density on molecular grid

 Integral of ground state density: N =   9.999999269263927    



 Iteration IRREP Converged      Max. Euclidean
                 roots          residual norm

    6       a1       0        3.407683456494162D-04
            b1       0        4.112708271775130D-04
 

 NOTE: Residual norms are larger than 1.00D-05 due to mgrid option!

      ...terminated. cpu:       0.14       wall:       0.14
 
 
 
 
 CONSTRUCTING <a|x,y,z|i>*U(a,i)xi          -> Dip. deriv.
      ...terminated. cpu:       0.00       wall:       0.00
 
 
 
 
 CONSTRUCTING RHS(a,i)xi*U(a,i)chi          -> Hessian
      ...terminated. cpu:       0.00       wall:       0.00
 
 
 
 

            -----------------------
            permanent dipole moment
            -----------------------

                                   x                y                z
    electronic part       :   -0.0000000000     0.0000000000    -6.0037416218
     nuclear   part       :    0.0000000000     0.0000000000     5.1973706762
     total                :   -0.0000000000     0.0000000000    -0.8063709456

 with reference to the point :   0.0000000        0.0000000        0.0000000
 (given in atomic units)
    | dipole |       :    2.0496059948  debye

   ***  dipole moment & cartesian dipole gradients written onto
        $dipole, $dipgrad,  file=<dipgrad>  ***

             -----------------------------------
             rotational and vibrational analysis
             -----------------------------------


            ==============================================================
            ATOMIC WEIGHTS (average over the natural occurance of isotops)
            ==============================================================
            ('*' denotes special isotop !)
              1     o                15.99940
              2     h                 1.00797
              3     h                 1.00797

          -------------------------------------------------
          CARTESIAN FORCE CONSTANT MATRIX (hartree/bohr**2)
         (translational & rotational space projected out)
          -------------------------------------------------

   ATOM              1 o                           2 h 
                  dx        dy        dz        dx        dy        dz
   1 o     dx  0.6645750
           dy  0.0000000 0.0000000
           dz  0.0000000 0.0000000 0.4409676
   2 h     dx -0.3322875 0.0000000-0.1953202 0.3633886
           dy  0.0000000 0.0000000 0.0000000 0.0000000 0.0000000
           dz -0.2564166 0.0000000-0.2204838 0.2258684 0.0000000 0.2091766
   3 h     dx -0.3322875 0.0000000 0.1953202-0.0311011 0.0000000 0.0305482
           dy  0.0000000 0.0000000 0.0000000 0.0000000 0.0000000 0.0000000
           dz  0.2564166 0.0000000-0.2204838-0.0305482 0.0000000 0.0113072

   ATOM              3 h 
                  dx        dy        dz
   3 h     dx  0.3633886
           dy  0.0000000 0.0000000
           dz -0.2258684 0.0000000 0.2091766
 

   *** projected hessian written onto $hessian (projected), file=<hessian> ***

 dipole moment in principle axis system (a.u.) :
    -0.0000000000     0.0000000000    -0.8063709456
 norm :  0.806370945587547     

 rotational constants b for rotations around axis of inertia
 and optical intensities for (1 <-- 0) transition

   b   :    27.1082556287     9.3770182898    14.3359768965   (cm**(-1))
   b   :      812685.0587      281115.9362      429781.7752     (MHz)
  int. :     0.0000000000     0.0000000000     0.6502341019     (a.u.)

   x   :     1.0000000000     0.0000000000     0.0000000000
   y   :     0.0000000000     1.0000000000     0.0000000000
   z   :     0.0000000000     0.0000000000     1.0000000000

   ***  normal modes written onto $vibrational normal modes, file=<vib_normal_modes>  ***

 keyword $vibrational reduced masses missing in file <control>


   ***  vibrational spectroscopic data written onto$vibrational spectrum   
        file=<vibspectrum>  ***

          ---------------------------------------------------
          NORMAL MODES and VIBRATIONAL FREQUENCIES (cm**(-1))
          ---------------------------------------------------

 imaginary wave numbers indicate a negative curvature of the energy surface.
 zero frequency modes have no physical meaning except being generators of
 translations and rotations. each vibrational normal mode - given in terms of
 cartesian displacement vectors of all atoms - has been normalized to unity.
 to obtain mass-weigthed normal coordinates in a.u. divide the tabulated
 modes by sqrt(reduced mass * 1822.88853).
 band intensities or cross sections refer to independent non-degenerate normal
 modes, that is, the intensities of degenerate modes have yet to be added.
 dDIP/dQ is the normal mode derivative of the dipole moment.


       mode               1        2        3        4        5        6

     frequency           0.00     0.00     0.00     0.00     0.00     0.00

     symmetry                                                             

        IR                -        -        -        -        -        - 
|dDIP/dQ|   (a.u.)     0.0000   0.0000   0.0000   0.0000   0.0000   0.0000
intensity (km/mol)       0.00     0.00     0.00     0.00     0.00     0.00
intensity (  %   )       0.00     0.00     0.00     0.00     0.00     0.00
 
       RAMAN              -        -        -        -        -        - 
 
  1   o           x   0.09904  0.00000  0.04932  0.42284  0.00000 -0.04957
                  y   0.00000  1.00000  0.00000  0.00000  0.00000  0.00000
                  z  -0.12827  0.00000  0.27448  0.06136  0.00000  0.09821
  2   h           x   0.19802  0.00000 -0.16249  0.37549  0.00000  0.39341
                  y   0.00000  0.00000  0.00000  0.00000  1.00000  0.00000
                  z  -0.25653  0.00000  0.54895  0.12273  0.00000 -0.47584
  3   h           x   0.19802  0.00000 -0.16249  0.37549  0.00000  0.39341
                  y   0.91077  0.00000  0.75371 -0.72138  0.00000 -0.00000
                  z   0.00000  0.00000  0.00000  0.00000  0.00000  0.67226

reduced mass(g/mol)     1.402   15.999    2.174    3.745    1.008    1.189


       mode               7        8        9

     frequency        1632.02  3766.53  3872.47

     symmetry            a1       a1       b1  

        IR               YES      YES      YES
|dDIP/dQ|   (a.u.)     0.0064   0.0013   0.0044
intensity (km/mol)      73.38     2.91    34.93
intensity (  %   )     100.00     3.96    47.59
 
       RAMAN             YES      YES      YES
 
  1   o           x  -0.00000  0.00000  0.07036
                  y   0.00000  0.00000  0.00000
                  z   0.07107  0.04937 -0.00000
  2   h           x   0.42352 -0.58758 -0.55842
                  y   0.00000  0.00000  0.00000
                  z  -0.56401 -0.39184 -0.43092
  3   h           x  -0.42352  0.58758 -0.55842
                  y  -0.00000 -0.00000  0.00000
                  z  -0.56401 -0.39184  0.43092

reduced mass(g/mol)     1.084    1.045    1.082
 

         **************************************************************
         *                                                            *
         *  zero point VIBRATIONAL energy  :      0.0211209  Hartree  *
         *    SCF-energy                   :    -76.4562162           *
         *    SCF + E(vib0)                :    -76.4350953           *
         *                                                            *
         **************************************************************




 time elapsed for vibrational analysis     0.00 sec


    ------------------------------------------------------------------------
         total  cpu-time :   0.61 seconds
         total wall-time :   0.61 seconds
    ------------------------------------------------------------------------

   ****  force : all done  ****


    2020-06-18 14:11:45.499 

