
 ridft (newyork) : TURBOMOLE rev. V7.4.1 (b987a8a8) compiled 15 Oct 2019 at 12:03:25
 Copyright (C) 2019 TURBOMOLE GmbH, Karlsruhe


    2020-07-10 12:14:48.903 



                                  r i d f t

                        DFT program with RI approximation 
                                for coulomb part 




                                                 
                                 References:     
                                                 
          TURBOMOLE:                             
              R. Ahlrichs, M. Baer, M. Haeser, H. Horn, and
              C. Koelmel
              Electronic structure calculations on workstation
              computers: the program system TURBOMOLE
              Chem. Phys. Lett. 162: 165 (1989)
          Density Functional:                              
              O. Treutler and R. Ahlrichs                      
              Efficient Molecular Numerical Integration Schemes
              J. Chem. Phys. 102: 346 (1995)                   
          Parallel Version:                                
              Performance of parallel TURBOMOLE for Density    
              Functional Calculations                          
              M. v. Arnim and R. Ahlrichs                      
              J. Comp. Chem. 19: 1746 (1998)                   
          RI-J Method:                                     
              Auxiliary Basis Sets to approximate Coulomb      
              Potentials                                       
              Chem. Phys. Lett. 240: 283 (1995)                
              K. Eichkorn, O. Treutler, H. Oehm, M. Haeser     
              and R. Ahlrichs                                  
              Chem. Phys. Lett. 242: 652 (1995)                
                                                           
              Auxiliary Basis Sets for Main Row Atoms and their
              Use to approximate Coulomb Potentials            
              K. Eichkorn, F. Weigend, O. Treutler and         
              R. Ahlrichs                                      
              Theo. Chem. Acc. 97: 119 (1997)                   
                                                           
              Accurate Coulomb-fitting basis sets for H to Rn 
              F. Weigend                                        
              Phys. Chem. Chem. Phys. 8: 1057 (2006)            
                                                           
          Multipole accelerated RI-J (MARI-J):             
              Fast evaluation of the Coulomb potential for     
              electron densities using multipole accelerated   
              resolution of identity approximation             
              M. Sierka, A. Hogekamp and R. Ahlrichs           
              J. Chem. Phys. 118: 9136 (2003)                  
          RI-JK Method:                                     
              A fully direct RI-HF algorithm: Implementation,
              optimised auxiliary basis sets, demonstration of
              accuracy and efficiency                         
              F. Weigend                                      
              Phys. Chem. Chem. Phys. 4: 4285 (2002)           
          Two-component HF and DFT with spin-orbit coupling:  
              Self-consistent treatment of spin-orbit         
              interactions with efficient Hartree-Fock and    
              density functional methods                      
              M. K. Armbruster, F. Weigend, C. van Wüllen and 
              W. Klopper                                      
              Phys. Chem. Chem. Phys. 10: 1748 (2008)         
          Two-component difference density and DIIS algorithm 
              Efficient two-component self-consistent field   
              procedures and gradients: implementation in     
              TURBOMOLE and application to Au20-              
              A. Baldes, F. Weigend                           
              Mol. Phys. 111: 2617 (2013)                     
          Relativistic all-electron 2c calculations           
              An efficient implementation of two-component    
              relativistic exact-decoupling methods for large 
              molecules                                       
              D. Peng, N. Middendorf, F. Weigend, M. Reiher   
              J. Chem. Phys. 138: 184105 (2013)               
          Finite nucleus model and SNSO approximation         
              Efficient implementation of one- and two-       
              component analytical energy gradients in exact  
              two-component theory                            
              Y. J. Franzke, N. Middendorf, F. Weigend        
              J. Chem. Phys. 148: 104110 (2018)               
                                         




              +--------------------------------------------------+
              |      general information about current run       |
              +--------------------------------------------------+

 
 PBE functional
 exchange:    LDA + PBE
 correlation: LDA (PW) + PBE
 A DFT calculation using the RI-J approximation will be carried out.
 Allocatable memory for RI due to $ricore (MB):                   500


              +--------------------------------------------------+
              | Atomic coordinate, charge and isotop information |
              +--------------------------------------------------+

                    atomic coordinates            atom    charge  isotop
          0.00000000    0.00000000    0.75088041    o      8.000     0
         -1.44862494    0.00000000   -0.37544021    h      1.000     0
          1.44862494    0.00000000   -0.37544021    h      1.000     0
 
       center of nuclear mass  :    0.00000000    0.00000000    0.62484367
       center of nuclear charge:    0.00000000    0.00000000    0.52561629

              +--------------------------------------------------+
              |               basis set information              |
              +--------------------------------------------------+

              we will work with the 1s 3p 5d 7f 9g ... basis set
              ...i.e. with spherical basis functions...

   type   atoms  prim   cont   basis
   ---------------------------------------------------------------------------
    o        1     77     55   cc-pVQZ   [5s4p3d2f1g|21s6p3d2f1g]
    h        2     32     30   cc-pVQZ   [4s3p2d1f|6s3p2d1f]
   ---------------------------------------------------------------------------
   total:    3    141    115
   ---------------------------------------------------------------------------

   total number of primitive shells          :   45
   total number of contracted shells         :   35
   total number of cartesian basis functions :  140
   total number of SCF-basis functions       :  115


 integral neglect threshold       :  0.24E-10
 integral storage threshold THIZE :  0.10E-04
 integral storage threshold THIME :         5

 RI-J AUXILIARY BASIS SET information:

              we will work with the 1s 3p 5d 7f 9g ... basis set
              ...i.e. with spherical basis functions...

   type   atoms  prim   cont   basis
   ---------------------------------------------------------------------------
    o        1     70     49   cc-pVQZ   [6s4p3d1f1g|12s5p4d2f1g]
    h        2     16     11   cc-pVQZ   [3s1p1d|5s2p1d]
   ---------------------------------------------------------------------------
   total:    3    102     71
   ---------------------------------------------------------------------------

   total number of primitive shells          :   32
   total number of contracted shells         :   25
   total number of cartesian basis functions :   85
   total number of SCF-basis functions       :   71


 symmetry group of the molecule :   c1 

 the group has the following generators :
   c1(z)

    1 symmetry operations found

 there are 1 real representations :   a   

 maximum number of shells which are related by symmetry :  1


    mo occupation :
   irrep   mo's   occupied
    a      115        5
 
 number of basis functions   :                    115
 number of occupied orbitals :                      5
 
  
           ------------------
           density functional
           ------------------
 PBE functional
 exchange:    LDA + PBE
 correlation: LDA (PW) + PBE

 spherical integration : Lebedev's spherical grid
 spherical gridsize    :                     4
    i.e. gridpoints    :                   434
 value for diffuse not defined
 radial integration    : Chebyshev 2nd kind (scaling 3)
 radial gridsize       :                     6
 integration cells     :                     3
 partition function    : becke
 partition sharpness   :                     3
  

 biggest AO integral is expected to be     4.785886462
  
           ------------------------
               RI-J - INFORMATION
           ------------------------
 Contributions to RI integral batches: 
  neglected integral batches:                     0
  direct contribution:                            0
  memory contribution:                   630
 Memory core needed for (P|Q) and Cholesky      1 MByte
 Memory core minimum needed except of (P|Q)     1 MByte
 Total minimum memory core needed (sum)         1 MByte
  
 ****************************************
 Memory allocated for RI-J     7 MByte
 ****************************************
                                            

          ------------------------
          nuclear repulsion energy  :   9.06464682451    
          ------------------------


         -----------------
         -S,T+V- integrals
         -----------------

 1e-integrals will be neglected if expon. factor < 0.238712E-11
 
   Difference densities algorithm switched on.
   The maximal number of linear combinations of
   difference densities is                    20 .

 DIIS switched on: error vector is FDS-SDF
 Max. Iterations for DIIS is     :   4
 DIIS matrix (see manual) 
    Scaling factor of diagonals  :  1.200
    threshold for scaling factor :  0.000

 scf convergence criterion : increment of total energy < .1000000D-06
                  and increment of one-electron energy < .1000000D-03

  MOs are in ASCII format !


 automatic virtual orbital shift switched on 
      shift if e(lumo)-e(homo) < 0.10000000    


 reading orbital data $scfmo  from file mos
 orbital characterization : expanded
 mo provided and orthogonalized by Cholesky decomposition

 DSCF restart information will be dumped onto file mos


 Starting SCF iterations

          Overall gridpoints after grid construction =         28290

 ITERATION  ENERGY          1e-ENERGY        2e-ENERGY     NORM[dD(SAO)]  TOL
   1  -76.131582222662    -124.24661857     39.050389522    0.000D+00 0.238D-10
                            Exc = -9.41610158002     Coul =  48.4664911024    
                              N = 10.000000005    
                            current damping = 0.300
 
          max. resid. norm for Fia-block=  3.213D-01 for orbital      3a         
          max. resid. fock norm         =  1.504D+01 for orbital    109a         

 ITERATION  ENERGY          1e-ENERGY        2e-ENERGY     NORM[dD(SAO)]  TOL
   2  -76.356051644800    -122.01238473     36.591686264    0.645D+00 0.166D-10
                            Exc = -9.11273039126     Coul =  45.7044166550    
                              N = 9.9999999786    
                            current damping = 0.250
 
          Norm of current diis error:  1.0093    
          max. resid. norm for Fia-block=  1.012D-01 for orbital      2a         
          max. resid. fock norm         =  1.968D-01 for orbital     89a         

 ITERATION  ENERGY          1e-ENERGY        2e-ENERGY     NORM[dD(SAO)]  TOL
   3  -76.377123493257    -123.39769785     37.955927534    0.250D+00 0.126D-10
                            Exc = -9.31569579880     Coul =  47.2716233330    
                              N = 9.9999999962    
                            current damping = 0.200
 
          Norm of current diis error: 0.50171    
          max. resid. norm for Fia-block=  3.163D-02 for orbital      4a         
          max. resid. fock norm         =  3.264D-02 for orbital      4a         

 ITERATION  ENERGY          1e-ENERGY        2e-ENERGY     NORM[dD(SAO)]  TOL
   4  -76.383011187994    -122.70082508     37.253167068    0.730D-01 0.114D-10
                            Exc = -9.22077011086     Coul =  46.4739371791    
                              N = 9.9999999864    
                            current damping = 0.250
 
          Norm of current diis error: 0.14432    
          max. resid. norm for Fia-block=  6.827D-03 for orbital      2a         
          max. resid. fock norm         =  7.860D-03 for orbital     90a         

 ITERATION  ENERGY          1e-ENERGY        2e-ENERGY     NORM[dD(SAO)]  TOL
   5  -76.383431687901    -122.82522294     37.377144433    0.687D-02 0.109D-10
                            Exc = -9.23752016566     Coul =  46.6146645982    
                              N = 9.9999999886    
                            current damping = 0.300
 
          Norm of current diis error: 0.20546E-01
          max. resid. norm for Fia-block=  1.063D-03 for orbital      3a         
          max. resid. fock norm         =  1.582D-03 for orbital     89a         
          mo-orthogonalization: Cholesky decomposition

 ITERATION  ENERGY          1e-ENERGY        2e-ENERGY     NORM[dD(SAO)]  TOL
   6  -76.383441142482    -122.84486162     37.396773656    0.611D-03 0.104D-10
                            Exc = -9.24023000440     Coul =  46.6370036600    
                              N = 9.9999999889    
                            current damping = 0.150
 
          Norm of current diis error: 0.21990E-02
          max. resid. norm for Fia-block=  1.834D-04 for orbital      3a         
          max. resid. fock norm         =  1.913D-04 for orbital      2a         

 ITERATION  ENERGY          1e-ENERGY        2e-ENERGY     NORM[dD(SAO)]  TOL
   7  -76.383441277136    -122.84598801     37.397899912    0.225D-03 0.101D-10
                            Exc = -9.24043112438     Coul =  46.6383310361    
                              N = 9.9999999889    
                            current damping = 0.100
 
          Norm of current diis error: 0.64430E-03
          max. resid. norm for Fia-block=  4.069D-05 for orbital      4a         
          max. resid. fock norm         =  6.881D-05 for orbital     50a         

 ITERATION  ENERGY          1e-ENERGY        2e-ENERGY     NORM[dD(SAO)]  TOL
   8  -76.383441286284    -122.84639347     37.398305359    0.181D-04 0.989D-11
                            Exc = -9.24048128291     Coul =  46.6387866423    
                              N = 9.9999999889    
                            current damping = 0.100
 
          Norm of current diis error: 0.54542E-04
          max. resid. norm for Fia-block=  3.674D-06 for orbital      2a         
          max. resid. fock norm         =  4.545D-06 for orbital      2a         

 ENERGY CONVERGED !


 ITERATION  ENERGY          1e-ENERGY        2e-ENERGY     NORM[dD(SAO)]  TOL
   9  -76.383441286344    -122.84638646     37.398298350    0.160D-05 0.961D-11
                            Exc = -9.24048071838     Coul =  46.6387790685    
                              N = 9.9999999889    
                            current damping = 0.150
 
          Norm of current diis error: 0.59772E-05
          max. resid. norm for Fia-block=  4.844D-07 for orbital      3a         
          max. resid. fock norm         =  4.897D-07 for orbital     13a         

 End of SCF iterations

   convergence criteria satisfied after     9 iterations


                  ------------------------------------------ 
                 |  total energy      =    -76.38344128634  |
                  ------------------------------------------ 
                 :  kinetic energy    =     76.11706848531  :
                 :  potential energy  =   -152.50050977166  :
                 :  virial theorem    =      1.99651268918  :
                 :  wavefunction norm =      1.00000000000  :
                  .......................................... 


 <geterg> : there is no data group $energy 


 <skperg> : $end is missing 


 orbitals $scfmo  will be written to file mos

    irrep                  1a          2a          3a          4a          5a   
 eigenvalues H        -18.74440    -0.91909    -0.47340    -0.33440    -0.25638
            eV        -510.0652    -25.0099    -12.8820     -9.0995     -6.9764
 occupation              2.0000      2.0000      2.0000      2.0000      2.0000

    irrep                  6a          7a          8a          9a         10a   
 eigenvalues H         -0.00629     0.06340     0.26847     0.30108     0.31172
            eV          -0.1712      1.7253      7.3055      8.1928      8.4825
 
 
 
 
 ==============================================================================
                           electrostatic moments
 ==============================================================================

 reference point for electrostatic moments:    0.00000   0.00000   0.00000

 
              nuc           elec       ->  total
 ------------------------------------------------------------------------------
                          charge      
 ------------------------------------------------------------------------------
          10.000000     -10.000000      -0.000000
 
 ------------------------------------------------------------------------------
                       dipole moment  
 ------------------------------------------------------------------------------
   x       0.000000       0.000000       0.000000
   y       0.000000       0.000000       0.000000
   z       5.256163      -5.987091      -0.730928
 
   | dipole moment | =     0.7309 a.u. =     1.8578 debye 
 
 ------------------------------------------------------------------------------
                     quadrupole moment
 ------------------------------------------------------------------------------
  xx       4.197028      -7.490811      -3.293783
  yy       0.000000      -5.627273      -5.627273
  zz       4.792482     -10.267400      -5.474918
  xy       0.000000      -0.000000      -0.000000
  xz       0.000000      -0.000000      -0.000000
  yz       0.000000       0.000000       0.000000
 
     1/3  trace=      -4.798658
     anisotropy=       2.261165
 
 ==============================================================================
 
HOMO-LUMO Separation
 HOMO         :   -0.25637588 H =     -6.97635 eV
 LUMO         :   -0.00629151 H =     -0.17120 eV
 HOMO-LUMO gap:    0.25008437 H =     +6.80515 eV
 
 ==============================================================================


    ------------------------------------------------------------------------
         total  cpu-time :   1.24 seconds
         total wall-time :   1.24 seconds
    ------------------------------------------------------------------------

   ****  ridft : all done  ****


    2020-07-10 12:14:50.133 

