
 force (newyork) : TURBOMOLE rev. V7.4.1 (b987a8a8) compiled 15 Oct 2019 at 12:03:25
 Copyright (C) 2019 TURBOMOLE GmbH, Karlsruhe


    2020-06-18 14:11:43.493 



                             T U R B O M O L E   

                          a o f o r c e - program

                        using direct algorithms for

                       SCF level calculations of
                         * harmonic force constants
                         * hyperpolarizabilities
                         * IR and RAMAN intensities
                         * VCD intensities

                       DFT level calculations of
                         * harmonic force constants
                         * IR intensities
                                                   
       Stephan Boecker, Peter Deglmann, Filipp Furche and Marco Haeser
                          Quantum Chemistry Group
                          Universitaet  Karlsruhe
                                   Germany

 
 
 
 
     References :
 
       RI-J implementation:
         Peter Deglmann, Klaus May, Filipp Furche, Reinhart Ahlrichs
                 Chem. Phys. Lett. 384:103 (2004)
 
       Efficiency, technical details:
         Peter Deglmann, Filipp Furche, Reinhart Ahlrichs
                 Chem. Phys. Lett. 362:511 (2002)
 
       Search of lowest eigenvalues by iterative diagonalization:
         Peter Deglmann, Filipp Furche
                 J. Chem. Phys. 117:9535 (2002)
 
       Vibrational circular dichroism implementation:
        Kevin Reiter, Michael Kuehn, Florian Weigend
                 J. Chem. Phys. 146:054102 (2017)  
 
 


              +--------------------------------------------------+
              | Atomic coordinate, charge and isotop information |
              +--------------------------------------------------+

                    atomic coordinates            atom    charge  isotop
          0.00000000    0.00000000    0.74247654    o      8.000     0
         -1.44326399    0.00000000   -0.37123827    h      1.000     0
          1.44326399    0.00000000   -0.37123827    h      1.000     0
 
       center of nuclear mass  :    0.00000000    0.00000000    0.61785041
       center of nuclear charge:    0.00000000    0.00000000    0.51973358

              +--------------------------------------------------+
              |               basis set information              |
              +--------------------------------------------------+

              we will work with the 1s 3p 5d 7f 9g ... basis set
              ...i.e. with spherical basis functions...

   type   atoms  prim   cont   basis
   ---------------------------------------------------------------------------
    o        1     46     31   def2-TZVP   [5s3p2d1f|11s6p2d1f]
    h        2      8      6   def2-TZVP   [3s1p|5s1p]
   ---------------------------------------------------------------------------
   total:    3     62     43
   ---------------------------------------------------------------------------

   total number of primitive shells          :   26
   total number of contracted shells         :   19
   total number of cartesian basis functions :   48
   total number of SCF-basis functions       :   43

 
             FOUND RI-J FLAG !
 

 NOTE: THIS IS A PRELIMINARY IMPLEMENTATION. THE RI APPROXIMATION IS
       PRESENTLY USED FOR CPKS CONTRIBUTIONS TO THE HESSIAN ONLY! SEE
       MANUAL FOR FURTHER DETAILS.

  
 AUXILIARY BASIS SET information:

              we will work with the 1s 3p 5d 7f 9g ... basis set
              ...i.e. with spherical basis functions...

   type   atoms  prim   cont   basis
   ---------------------------------------------------------------------------
    o        1     70     49   def2-TZVP   [6s4p3d1f1g|12s5p4d2f1g]
    h        2     16     11   def2-TZVP   [3s1p1d|5s2p1d]
   ---------------------------------------------------------------------------
   total:    3    102     71
   ---------------------------------------------------------------------------

   total number of primitive shells          :   32
   total number of contracted shells         :   25
   total number of cartesian basis functions :   85
   total number of SCF-basis functions       :   71


 symmetry group of the molecule :   c2v

 the group has the following generators :
   c2(z)
   mirror plane sigma(xz)

    4 symmetry operations found

 there are 4 real representations :   a1   a2   b1   b2  

 maximum number of shells which are related by symmetry :  2


 determining totally symmetric integral contributions 
    - equivalent to irreducible tensor elements - 
 which can be formed within each triple of representations :

             representation triple      contributions

              a1    a1    a1              1
              a1    a2    a2              1
              a1    b1    b1              1
              a1    b2    b2              1
              a2    a1    a2              1
              a2    a2    a1              1
              a2    b1    b2              1
              a2    b2    b1              1
              b1    a1    b1              1
              b1    a2    b2              1
              b1    b1    a1              1
              b1    b2    a2              1
              b2    a1    b2              1
              b2    a2    b1              1
              b2    b1    a2              1
              b2    b2    a1              1

    mo occupation :
   irrep   mo's   occupied
    a1      19        3
    a2       4        0
    b1      12        1
    b2       8        1
 
 number of basis functions   :                     43
 number of occupied orbitals :                      5
 
  MOs are in ASCII format !


 reading orbital data $scfmo  from file mos
 orbital characterization : scfconv=7
 time elapsed for calculating density matrices :   0.001 sec

 number of non-frozen orbitals          :    43
 number of non-frozen occupied orbitals :     5
 Blocking parameters 
 shells:
    index      start shell   last shell  start bf    last bf    #bf 
       1             1          19             1         48     48
          size of I/O Block in Byte:                 165888
  
           ----------------------
               RI - INFORMATION
           ----------------------

 biggest AO integral is expected to be     7.998976882

 Threshold for integral neglect (rithr2):   0.26E-10
 Threshold for integral neglect (rithr1):   0.26E-10

 Contributions to RI integral batches: 
  neglected integral batches:                    60
  direct contribution:                            0
  memory contribution:                   130
 Core memory available (ricore):               500 MiB
 Core memory needed for (P|Q) and Cholesky:      1 MiB
 Core memory used for integrals:                 1 MiB
 
 ****************************************
 Memory allocated for RIDFT: 1 MiB
 ****************************************
 
  
           ------------------
           density functional
           ------------------
 TPSS global hybrid functional
 exchange:    9/10 (LDA+TPSS) + 1/10 HF
 correlation: LDA (PW) + TPSS

 iterations will be done with small grid
  
 spherical integration : Lebedev's spherical grid
 spherical gridsize    :                     3
    i.e. gridpoints    :                   302
 value for diffuse not defined
 radial integration    : Chebyshev 2nd kind (scaling 3)
 radial gridsize       :                     3
 integration cells     :                     2
 partition function    : becke
 partition sharpness   :                     3
  
 
 Derivatives of quadrature weights will be included
 
 preparing DFT   numerical integration ....
          Overall gridpoints after grid construction =          3891
 Ordering of quadrature gridpoints disabled.
 
 
 
 
 OCCUPIED-OCCUPIED TENSOR SPACES :

          IRREP   tensor space dimension   number of roots

           a1               11                   2
           b1                6                   1
 
 OCCUPIED-VIRTUAL TENSOR SPACES :

          IRREP   tensor space dimension   number of roots

           a1               66                   2
           b1               53                   1
 
 
 
 
 CONSTRUCTING integral bounds

 setting up bound for integral derivative estimation

 increment for numerical differentiation : 0.00050000
 
 machine precision:   2.220446049250313E-016

 integral neglect threshold       :  0.10E-09
 integral storage threshold THIZE :  0.10E-04
 integral storage threshold THIME :         5

 
 
 
 PREPARING NUMERICAL INTEGRATION
 
 Remaining core memory for DFT =                   500 MB
 
 Memory needed per atom    =                    27 KiB
 
     i. e.                     3 atoms per loop

 Calculating ground state density on molecular grid

 Integral of ground state density: N =   9.999999269433934    


 
 
 CONSTRUCTING first deriv. of <mu|x,y,z|nu> -> Dip. deriv.
  dipole integral derivatives will be neglected if
  expon. factor <0.104167E-10
      ...terminated. cpu:       0.00       wall:       0.00
 
 
 
 
 CONSTRUCTING first deriv. of  <mu|nu>
                               <mu|h|nu>    -> RHS
              second deriv. of <mu|nu>      -> Hessian
                               <mu|h|nu>    -> Hessian
                               nucl. rep.   -> Hessian
     integrals are neglected if expon. factor <  1.000000000000000E-012
      ...terminated. cpu:       0.00       wall:       0.00
 
 
 
 
 CONSTRUCTING second deriv. of 2e energy    -> Hessian
   treating Coulomb (and exchange) contribution
     integrals will be neglected if total contribution <  1.041666666666667E-008
      ...terminated. cpu:       0.07       wall:       0.06
   treating exchange-correlation contribution
      ...terminated. cpu:       0.09       wall:       0.10
 
 
 
 
 CONSTRUCTING S(i,j)xi
      ...terminated. cpu:       0.00       wall:       0.00
 
 
 
 
 CONSTRUCTING <i|x,y,z|j>*S(i,j)xi          -> Dip. deriv.
      ...terminated. cpu:       0.00       wall:       0.00
 
 
 
 
 CONSTRUCTING epsilon(i)*S(i,j)xi*S(i,j)chi -> Hessian
      ...terminated. cpu:       0.00       wall:       0.00
 
 
 
 
 CONSTRUCTING G(a,i)[S(k,l)xi]              -> RHS
              G(i,j)[S(k,l)xi]*S(i,j)chi    -> Hessian
 
         Maximum core memory set to                    500 MB
         This corresponds to                 25883 vectors in CAO basis
      ...terminated. cpu:       0.04       wall:       0.04
 
 
 
 
 CONSTRUCTING G(mu,nu)[D(kap,lam)]xi
 
          Maximum core memory set to                    500 MB
          Atoms treated simultaneously :                     3
 max of dfo   2.73432869458613     
      ...terminated. cpu:       0.08       wall:       0.08
 
 
 
 
 CONSTRUCTING F(a,i)xi                      -> RHS
              F(i,j)xi*S(i,j)chi            -> Hessian
 
        Maximum core memory set to                   500 MB
        This corresponds to                 52766 vectors in CAO basis
      ...terminated. cpu:       0.00       wall:       0.00
 
 
 
 
 CONSTRUCTING epsilon(i)*S(a,i)xi           -> RHS
      ...terminated. cpu:       0.00       wall:       0.00
 
 
 
 
 SOLVING CPHF equations
 
 Residuum convergence criterium   :  1.000000000000000E-005
 
 Maximum number of Davidson iterations set to                    25
  Switching to small grid
        preparing DFT   numerical integration ....
          Overall gridpoints after grid construction =          1099

 Calculating ground state density on molecular grid

 Integral of ground state density: N =   9.999924201983680    




                       Nonorthonormal Krylov Space Iteration


 total number of roots to be determined: 3


 maximum core memory set to   500 MB,
 corresponding to    25042 vectors in CAO basis


 maximum number of simultaneously treated vectors (including degeneracy):        3


 Iteration IRREP Converged      Max. Euclidean
                 roots          residual norm

    1       a1       0        1.141585958899903D-01
            b1       0        5.619239239248829D-02
 
    2       a1       0        1.143231875586526D-02
            b1       0        9.656155984589200D-03
 
    3       a1       0        5.860509408633219D-04
            b1       0        5.044601173374648D-04
 
    4       a1       0        3.078502172025698D-05
            b1       0        2.663836142572796D-05
 
    5       a1       2        1.735013897118355D-06
            b1       1        2.340104392958983D-06
 

 converged!

  Switching to fine grid
        preparing numerical DFT   integration ....
          Overall gridpoints after grid construction =          3891

 Calculating ground state density on molecular grid

 Integral of ground state density: N =   9.999999269433950    



 Iteration IRREP Converged      Max. Euclidean
                 roots          residual norm

    6       a1       0        3.407704011894430D-04
            b1       0        4.112714574095245D-04
 

 NOTE: Residual norms are larger than 1.00D-05 due to mgrid option!

      ...terminated. cpu:       0.14       wall:       0.14
 
 
 
 
 CONSTRUCTING <a|x,y,z|i>*U(a,i)xi          -> Dip. deriv.
      ...terminated. cpu:       0.00       wall:       0.00
 
 
 
 
 CONSTRUCTING RHS(a,i)xi*U(a,i)chi          -> Hessian
      ...terminated. cpu:       0.00       wall:       0.00
 
 
 
 

            -----------------------
            permanent dipole moment
            -----------------------

                                   x                y                z
    electronic part       :   -0.0000000000     0.0000000000    -6.0037035978
     nuclear   part       :    0.0000000000     0.0000000000     5.1973358033
     total                :   -0.0000000000     0.0000000000    -0.8063677946

 with reference to the point :   0.0000000        0.0000000        0.0000000
 (given in atomic units)
    | dipole |       :    2.0495979857  debye

   ***  dipole moment & cartesian dipole gradients written onto
        $dipole, $dipgrad,  file=<dipgrad>  ***

             -----------------------------------
             rotational and vibrational analysis
             -----------------------------------


            ==============================================================
            ATOMIC WEIGHTS (average over the natural occurance of isotops)
            ==============================================================
            ('*' denotes special isotop !)
              1     o                15.99940
              2     h                 1.00797
              3     h                 1.00797

          -------------------------------------------------
          CARTESIAN FORCE CONSTANT MATRIX (hartree/bohr**2)
         (translational & rotational space projected out)
          -------------------------------------------------

   ATOM              1 o                           2 h 
                  dx        dy        dz        dx        dy        dz
   1 o     dx  0.6646051
           dy  0.0000000 0.0000000
           dz  0.0000000 0.0000000 0.4409805
   2 h     dx -0.3323026 0.0000000-0.1953296 0.3634005
           dy  0.0000000 0.0000000 0.0000000 0.0000000 0.0000000
           dz -0.2564259 0.0000000-0.2204903 0.2258778 0.0000000 0.2091824
   3 h     dx -0.3323026 0.0000000 0.1953296-0.0310980 0.0000000 0.0305482
           dy  0.0000000 0.0000000 0.0000000 0.0000000 0.0000000 0.0000000
           dz  0.2564259 0.0000000-0.2204903-0.0305482 0.0000000 0.0113078

   ATOM              3 h 
                  dx        dy        dz
   3 h     dx  0.3634005
           dy  0.0000000 0.0000000
           dz -0.2258778 0.0000000 0.2091824
 

   *** projected hessian written onto $hessian (projected), file=<hessian> ***

 dipole moment in principle axis system (a.u.) :
    -0.0000000000     0.0000000000    -0.8063677946
 norm :  0.806367794570908     

 rotational constants b for rotations around axis of inertia
 and optical intensities for (1 <-- 0) transition

   b   :    27.1086194105     9.3770305365    14.3359037828   (cm**(-1))
   b   :      812695.9646      281116.3033      429779.5833     (MHz)
  int. :     0.0000000000     0.0000000000     0.6502290201     (a.u.)

   x   :     1.0000000000     0.0000000000     0.0000000000
   y   :     0.0000000000     1.0000000000     0.0000000000
   z   :     0.0000000000     0.0000000000     1.0000000000

   ***  normal modes written onto $vibrational normal modes, file=<vib_normal_modes>  ***

 keyword $vibrational reduced masses missing in file <control>


   ***  vibrational spectroscopic data written onto$vibrational spectrum   
        file=<vibspectrum>  ***

          ---------------------------------------------------
          NORMAL MODES and VIBRATIONAL FREQUENCIES (cm**(-1))
          ---------------------------------------------------

 imaginary wave numbers indicate a negative curvature of the energy surface.
 zero frequency modes have no physical meaning except being generators of
 translations and rotations. each vibrational normal mode - given in terms of
 cartesian displacement vectors of all atoms - has been normalized to unity.
 to obtain mass-weigthed normal coordinates in a.u. divide the tabulated
 modes by sqrt(reduced mass * 1822.88853).
 band intensities or cross sections refer to independent non-degenerate normal
 modes, that is, the intensities of degenerate modes have yet to be added.
 dDIP/dQ is the normal mode derivative of the dipole moment.


       mode               1        2        3        4        5        6

     frequency           0.00     0.00     0.00     0.00     0.00     0.00

     symmetry                                                             

        IR                -        -        -        -        -        - 
|dDIP/dQ|   (a.u.)     0.0000   0.0000   0.0000   0.0000   0.0000   0.0000
intensity (km/mol)       0.00     0.00     0.00     0.00     0.00     0.00
intensity (  %   )       0.00     0.00     0.00     0.00     0.00     0.00
 
       RAMAN              -        -        -        -        -        - 
 
  1   o           x  -0.04957  0.00000  0.00000  0.42284  0.04932  0.09904
                  y   0.00000  1.00000  0.00000  0.00000  0.00000  0.00000
                  z   0.09821  0.00000  0.00000  0.06137  0.27447 -0.12827
  2   h           x   0.39341  0.00000  0.00000  0.37549 -0.16248  0.19802
                  y   0.00000  0.00000  1.00000  0.00000  0.00000  0.00000
                  z  -0.47584  0.00000  0.00000  0.12273  0.54895 -0.25654
  3   h           x   0.39341  0.00000  0.00000  0.37549 -0.16248  0.19802
                  y   0.00000  0.00000  0.00000 -0.72138  0.75372  0.91077
                  z   0.67226  0.00000  0.00000  0.00000  0.00000  0.00000

reduced mass(g/mol)     1.189   15.999    1.008    3.745    2.174    1.402


       mode               7        8        9

     frequency        1632.01  3766.59  3872.55

     symmetry            a1       a1       b1  

        IR               YES      YES      YES
|dDIP/dQ|   (a.u.)     0.0064   0.0013   0.0044
intensity (km/mol)      73.38     2.91    34.93
intensity (  %   )     100.00     3.96    47.60
 
       RAMAN             YES      YES      YES
 
  1   o           x   0.00000 -0.00000  0.07036
                  y   0.00000  0.00000  0.00000
                  z   0.07107  0.04937  0.00000
  2   h           x   0.42352 -0.58757 -0.55842
                  y   0.00000  0.00000  0.00000
                  z  -0.56401 -0.39184 -0.43092
  3   h           x  -0.42352  0.58757 -0.55842
                  y   0.00000 -0.00000 -0.00000
                  z  -0.56401 -0.39184  0.43092

reduced mass(g/mol)     1.084    1.045    1.082
 

         **************************************************************
         *                                                            *
         *  zero point VIBRATIONAL energy  :      0.0211212  Hartree  *
         *    SCF-energy                   :    -76.4558476           *
         *    SCF + E(vib0)                :    -76.4347264           *
         *                                                            *
         **************************************************************




 time elapsed for vibrational analysis     0.00 sec


    ------------------------------------------------------------------------
         total  cpu-time :   0.71 seconds
         total wall-time :   1.56 seconds
    ------------------------------------------------------------------------

   ****  force : all done  ****


    2020-06-18 14:11:44.883 

